<?xml version="1.0" standalone="yes" ?>
<!-- generated by lshw-B.02.16 -->
<!-- GCC 4.8.4 -->
<!-- Linux 3.13.0-93-generic #140-Ubuntu SMP Mon Jul 18 21:21:05 UTC 2016 x86_64 -->
<!-- GNU libc 2 (glibc 2.19) -->
<list>
<node id="bl220-c3-s7b" claimed="true" class="system" handle="DMI:0100">
 <description>Rack Mount Chassis</description>
 <product>ProLiant BL2x220c G5 (465401-B21)</product>
 <vendor>HP</vendor>
 <serial>e9e579ce67f2a798f96ba29c56cd3d40</serial>
 <width units="bits">64</width>
 <configuration>
  <setting id="boot" value="normal" />
  <setting id="chassis" value="rackmount" />
  <setting id="family" value="ProLiant" />
  <setting id="sku" value="465401-B21" />
  <setting id="uuid" value="34363534-3031-5553-4538-3431464D3236" />
 </configuration>
 <capabilities>
  <capability id="smbios-2.5" >SMBIOS version 2.5</capability>
  <capability id="dmi-2.5" >DMI version 2.5</capability>
  <capability id="vsyscall32" >32-bit processes</capability>
 </capabilities>
  <node id="core" claimed="true" class="bus" handle="">
   <description>Motherboard</description>
   <physid>0</physid>
    <node id="firmware" claimed="true" class="memory" handle="">
     <description>BIOS</description>
     <vendor>HP</vendor>
     <physid>0</physid>
     <version>I19</version>
     <date>07/10/2009</date>
     <size units="bytes">65536</size>
     <capacity units="bytes">2031616</capacity>
     <capabilities>
      <capability id="pci" >PCI bus</capability>
      <capability id="pnp" >Plug-and-Play</capability>
      <capability id="upgrade" >BIOS EEPROM can be upgraded</capability>
      <capability id="shadowing" >BIOS shadowing</capability>
      <capability id="escd" >ESCD</capability>
      <capability id="cdboot" >Booting from CD-ROM/DVD</capability>
      <capability id="bootselect" >Selectable boot path</capability>
      <capability id="edd" >Enhanced Disk Drive extensions</capability>
      <capability id="int13floppy360" >5.25&quot; 360KB floppy</capability>
      <capability id="int13floppy1200" >5.25&quot; 1.2MB floppy</capability>
      <capability id="int13floppy720" >3.5&quot; 720KB floppy</capability>
      <capability id="int5printscreen" >Print Screen key</capability>
      <capability id="int9keyboard" >i8042 keyboard controller</capability>
      <capability id="int14serial" >INT14 serial line control</capability>
      <capability id="int17printer" >INT17 printer control</capability>
      <capability id="int10video" >INT10 CGA/Mono video</capability>
      <capability id="acpi" >ACPI</capability>
      <capability id="usb" >USB legacy emulation</capability>
      <capability id="biosbootspecification" >BIOS boot specification</capability>
      <capability id="netboot" >Function-key initiated network service boot</capability>
     </capabilities>
    </node>
    <node id="cpu:0" claimed="true" class="processor" handle="DMI:0400">
     <description>CPU</description>
     <product>Intel(R) Xeon(R) CPU           E5420  @ 2.50GHz</product>
     <vendor>Intel Corp.</vendor>
     <physid>400</physid>
     <businfo>cpu@0</businfo>
     <slot>Proc 1</slot>
     <size units="Hz">2500000000</size>
     <width units="bits">64</width>
     <clock units="Hz">1333000000</clock>
     <configuration>
      <setting id="cores" value="4" />
      <setting id="enabledcores" value="4" />
      <setting id="threads" value="4" />
     </configuration>
     <capabilities>
      <capability id="x86-64" >64bits extensions (x86-64)</capability>
      <capability id="fpu" >mathematical co-processor</capability>
      <capability id="fpu_exception" >FPU exceptions reporting</capability>
      <capability id="wp" />
      <capability id="vme" >virtual mode extensions</capability>
      <capability id="de" >debugging extensions</capability>
      <capability id="pse" >page size extensions</capability>
      <capability id="tsc" >time stamp counter</capability>
      <capability id="msr" >model-specific registers</capability>
      <capability id="pae" >4GB+ memory addressing (Physical Address Extension)</capability>
      <capability id="mce" >machine check exceptions</capability>
      <capability id="cx8" >compare and exchange 8-byte</capability>
      <capability id="apic" >on-chip advanced programmable interrupt controller (APIC)</capability>
      <capability id="sep" >fast system calls</capability>
      <capability id="mtrr" >memory type range registers</capability>
      <capability id="pge" >page global enable</capability>
      <capability id="mca" >machine check architecture</capability>
      <capability id="cmov" >conditional move instruction</capability>
      <capability id="pat" >page attribute table</capability>
      <capability id="pse36" >36-bit page size extensions</capability>
      <capability id="clflush" />
      <capability id="dts" >debug trace and EMON store MSRs</capability>
      <capability id="acpi" >thermal control (ACPI)</capability>
      <capability id="mmx" >multimedia extensions (MMX)</capability>
      <capability id="fxsr" >fast floating point save/restore</capability>
      <capability id="sse" >streaming SIMD extensions (SSE)</capability>
      <capability id="sse2" >streaming SIMD extensions (SSE2)</capability>
      <capability id="ss" >self-snoop</capability>
      <capability id="ht" >HyperThreading</capability>
      <capability id="tm" >thermal interrupt and status</capability>
      <capability id="pbe" >pending break event</capability>
      <capability id="syscall" >fast system calls</capability>
      <capability id="nx" >no-execute bit (NX)</capability>
      <capability id="constant_tsc" />
      <capability id="arch_perfmon" />
      <capability id="pebs" />
      <capability id="bts" />
      <capability id="rep_good" />
      <capability id="nopl" />
      <capability id="aperfmperf" />
      <capability id="pni" />
      <capability id="dtes64" />
      <capability id="monitor" />
      <capability id="ds_cpl" />
      <capability id="vmx" />
      <capability id="est" />
      <capability id="tm2" />
      <capability id="ssse3" />
      <capability id="cx16" />
      <capability id="xtpr" />
      <capability id="pdcm" />
      <capability id="dca" />
      <capability id="sse4_1" />
      <capability id="lahf_lm" />
      <capability id="dtherm" />
      <capability id="tpr_shadow" />
      <capability id="vnmi" />
      <capability id="flexpriority" />
     </capabilities>
      <node id="cache:0" claimed="true" class="memory" handle="DMI:0710">
       <description>L1 cache</description>
       <physid>710</physid>
       <slot>Processor 1 Internal L1 Cache</slot>
       <size units="bytes">131072</size>
       <capacity units="bytes">131072</capacity>
       <capabilities>
        <capability id="burst" >Burst</capability>
        <capability id="internal" >Internal</capability>
        <capability id="write-back" >Write-back</capability>
        <capability id="data" >Data cache</capability>
       </capabilities>
      </node>
      <node id="cache:1" claimed="true" class="memory" handle="DMI:0720">
       <description>L2 cache</description>
       <physid>720</physid>
       <slot>Processor 1 Internal L2 Cache</slot>
       <size units="bytes">12582912</size>
       <capacity units="bytes">16777216</capacity>
       <capabilities>
        <capability id="burst" >Burst</capability>
        <capability id="internal" >Internal</capability>
        <capability id="write-back" >Write-back</capability>
       </capabilities>
      </node>
    </node>
    <node id="cpu:1" claimed="true" class="processor" handle="DMI:0406">
     <description>CPU</description>
     <product>Intel(R) Xeon(R) CPU           E5420  @ 2.50GHz</product>
     <vendor>Intel Corp.</vendor>
     <physid>406</physid>
     <businfo>cpu@1</businfo>
     <slot>Proc 2</slot>
     <size units="Hz">2500000000</size>
     <width units="bits">64</width>
     <clock units="Hz">1333000000</clock>
     <configuration>
      <setting id="cores" value="4" />
      <setting id="enabledcores" value="4" />
      <setting id="threads" value="4" />
     </configuration>
     <capabilities>
      <capability id="x86-64" >64bits extensions (x86-64)</capability>
      <capability id="fpu" >mathematical co-processor</capability>
      <capability id="fpu_exception" >FPU exceptions reporting</capability>
      <capability id="wp" />
      <capability id="vme" >virtual mode extensions</capability>
      <capability id="de" >debugging extensions</capability>
      <capability id="pse" >page size extensions</capability>
      <capability id="tsc" >time stamp counter</capability>
      <capability id="msr" >model-specific registers</capability>
      <capability id="pae" >4GB+ memory addressing (Physical Address Extension)</capability>
      <capability id="mce" >machine check exceptions</capability>
      <capability id="cx8" >compare and exchange 8-byte</capability>
      <capability id="apic" >on-chip advanced programmable interrupt controller (APIC)</capability>
      <capability id="sep" >fast system calls</capability>
      <capability id="mtrr" >memory type range registers</capability>
      <capability id="pge" >page global enable</capability>
      <capability id="mca" >machine check architecture</capability>
      <capability id="cmov" >conditional move instruction</capability>
      <capability id="pat" >page attribute table</capability>
      <capability id="pse36" >36-bit page size extensions</capability>
      <capability id="clflush" />
      <capability id="dts" >debug trace and EMON store MSRs</capability>
      <capability id="acpi" >thermal control (ACPI)</capability>
      <capability id="mmx" >multimedia extensions (MMX)</capability>
      <capability id="fxsr" >fast floating point save/restore</capability>
      <capability id="sse" >streaming SIMD extensions (SSE)</capability>
      <capability id="sse2" >streaming SIMD extensions (SSE2)</capability>
      <capability id="ss" >self-snoop</capability>
      <capability id="ht" >HyperThreading</capability>
      <capability id="tm" >thermal interrupt and status</capability>
      <capability id="pbe" >pending break event</capability>
      <capability id="syscall" >fast system calls</capability>
      <capability id="nx" >no-execute bit (NX)</capability>
      <capability id="constant_tsc" />
      <capability id="arch_perfmon" />
      <capability id="pebs" />
      <capability id="bts" />
      <capability id="rep_good" />
      <capability id="nopl" />
      <capability id="aperfmperf" />
      <capability id="pni" />
      <capability id="dtes64" />
      <capability id="monitor" />
      <capability id="ds_cpl" />
      <capability id="vmx" />
      <capability id="est" />
      <capability id="tm2" />
      <capability id="ssse3" />
      <capability id="cx16" />
      <capability id="xtpr" />
      <capability id="pdcm" />
      <capability id="dca" />
      <capability id="sse4_1" />
      <capability id="lahf_lm" />
      <capability id="dtherm" />
      <capability id="tpr_shadow" />
      <capability id="vnmi" />
      <capability id="flexpriority" />
     </capabilities>
      <node id="cache:0" claimed="true" class="memory" handle="DMI:0716">
       <description>L1 cache</description>
       <physid>716</physid>
       <slot>Processor 2 Internal L1 Cache</slot>
       <size units="bytes">131072</size>
       <capacity units="bytes">131072</capacity>
       <capabilities>
        <capability id="burst" >Burst</capability>
        <capability id="internal" >Internal</capability>
        <capability id="write-back" >Write-back</capability>
        <capability id="data" >Data cache</capability>
       </capabilities>
      </node>
      <node id="cache:1" claimed="true" class="memory" handle="DMI:0726">
       <description>L2 cache</description>
       <physid>726</physid>
       <slot>Processor 2 Internal L2 Cache</slot>
       <size units="bytes">12582912</size>
       <capacity units="bytes">16777216</capacity>
       <capabilities>
        <capability id="burst" >Burst</capability>
        <capability id="internal" >Internal</capability>
        <capability id="write-back" >Write-back</capability>
       </capabilities>
      </node>
    </node>
    <node id="memory" claimed="true" class="memory" handle="DMI:1000">
     <description>System Memory</description>
     <physid>1000</physid>
     <slot>System board or motherboard</slot>
     <size units="bytes">8589934592</size>
      <node id="bank:0" claimed="true" class="memory" handle="DMI:1100">
       <description>DIMM DDR2 Synchronous 667 MHz (1.5 ns)</description>
       <physid>0</physid>
       <slot>DIMM 1A</slot>
       <size units="bytes">2147483648</size>
       <width units="bits">64</width>
       <clock units="Hz">667000000</clock>
      </node>
      <node id="bank:1" claimed="true" class="memory" handle="DMI:1101">
       <description>DIMM DDR2 Synchronous 667 MHz (1.5 ns)</description>
       <physid>1</physid>
       <slot>DIMM 2B</slot>
       <size units="bytes">2147483648</size>
       <width units="bits">64</width>
       <clock units="Hz">667000000</clock>
      </node>
      <node id="bank:2" claimed="true" class="memory" handle="DMI:1102">
       <description>DIMM DDR2 Synchronous 667 MHz (1.5 ns)</description>
       <physid>2</physid>
       <slot>DIMM 3C</slot>
       <size units="bytes">2147483648</size>
       <width units="bits">64</width>
       <clock units="Hz">667000000</clock>
      </node>
      <node id="bank:3" claimed="true" class="memory" handle="DMI:1103">
       <description>DIMM DDR2 Synchronous 667 MHz (1.5 ns)</description>
       <physid>3</physid>
       <slot>DIMM 4D</slot>
       <size units="bytes">2147483648</size>
       <width units="bits">64</width>
       <clock units="Hz">667000000</clock>
      </node>
    </node>
    <node id="pci:0" claimed="true" class="bridge" handle="PCIBUS:0000:00">
     <description>Host bridge</description>
     <product>5100 Chipset Memory Controller Hub</product>
     <vendor>Intel Corporation</vendor>
     <physid>100</physid>
     <businfo>pci@0000:00:00.0</businfo>
     <version>90</version>
     <width units="bits">32</width>
     <clock units="Hz">33000000</clock>
      <node id="pci:0" claimed="true" class="bridge" handle="PCIBUS:0000:08">
       <description>PCI bridge</description>
       <product>5100 Chipset PCI Express x4 Port 2</product>
       <vendor>Intel Corporation</vendor>
       <physid>2</physid>
       <businfo>pci@0000:00:02.0</businfo>
       <version>90</version>
       <width units="bits">32</width>
       <clock units="Hz">33000000</clock>
       <configuration>
        <setting id="driver" value="pcieport" />
       </configuration>
       <capabilities>
        <capability id="pci" />
        <capability id="pm" >Power Management</capability>
        <capability id="msi" >Message Signalled Interrupts</capability>
        <capability id="pciexpress" >PCI Express</capability>
        <capability id="normal_decode" />
        <capability id="bus_master" >bus mastering</capability>
        <capability id="cap_list" >PCI capabilities listing</capability>
       </capabilities>
       <resources>
        <resource type="irq" value="0" />
       </resources>
      </node>
      <node id="pci:1" claimed="true" class="bridge" handle="PCIBUS:0000:02">
       <description>PCI bridge</description>
       <product>5100 Chipset PCI Express x4 Port 3</product>
       <vendor>Intel Corporation</vendor>
       <physid>3</physid>
       <businfo>pci@0000:00:03.0</businfo>
       <version>90</version>
       <width units="bits">32</width>
       <clock units="Hz">33000000</clock>
       <configuration>
        <setting id="driver" value="pcieport" />
       </configuration>
       <capabilities>
        <capability id="pci" />
        <capability id="pm" >Power Management</capability>
        <capability id="msi" >Message Signalled Interrupts</capability>
        <capability id="pciexpress" >PCI Express</capability>
        <capability id="normal_decode" />
        <capability id="bus_master" >bus mastering</capability>
        <capability id="cap_list" >PCI capabilities listing</capability>
       </capabilities>
       <resources>
        <resource type="irq" value="0" />
        <resource type="memory" value="fde00000-fdefffff" />
       </resources>
        <node id="pci" claimed="true" class="bridge" handle="PCIBUS:0000:03">
         <description>PCI bridge</description>
         <product>EPB PCI-Express to PCI-X Bridge</product>
         <vendor>Broadcom</vendor>
         <physid>0</physid>
         <businfo>pci@0000:02:00.0</businfo>
         <version>b5</version>
         <width units="bits">32</width>
         <clock units="Hz">33000000</clock>
         <capabilities>
          <capability id="pci" />
          <capability id="pciexpress" >PCI Express</capability>
          <capability id="pcix" >PCI-X</capability>
          <capability id="pm" >Power Management</capability>
          <capability id="normal_decode" />
          <capability id="bus_master" >bus mastering</capability>
          <capability id="cap_list" >PCI capabilities listing</capability>
         </capabilities>
         <resources>
          <resource type="memory" value="fde00000-fdefffff" />
         </resources>
          <node id="network:0" claimed="true" class="network" handle="PCI:0000:03:04.0">
           <description>Ethernet interface</description>
           <product>NetXtreme BCM5715S Gigabit Ethernet</product>
           <vendor>Broadcom Corporation</vendor>
           <physid>4</physid>
           <businfo>pci@0000:03:04.0</businfo>
           <logicalname>eth0</logicalname>
           <version>a3</version>
           <serial>7b:af:21:00:4a:5a</serial>
           <size units="bit/s">1000000000</size>
           <capacity>1000000000</capacity>
           <width units="bits">64</width>
           <clock units="Hz">66000000</clock>
           <configuration>
            <setting id="autonegotiation" value="on" />
            <setting id="broadcast" value="yes" />
            <setting id="driver" value="tg3" />
            <setting id="driverversion" value="3.134" />
            <setting id="duplex" value="full" />
            <setting id="firmware" value="5715s-v3.28" />
            <setting id="ip" value="10.75.10.78" />
            <setting id="latency" value="64" />
            <setting id="link" value="yes" />
            <setting id="mingnt" value="64" />
            <setting id="multicast" value="yes" />
            <setting id="port" value="fibre" />
            <setting id="speed" value="1Gbit/s" />
           </configuration>
           <capabilities>
            <capability id="pcix" >PCI-X</capability>
            <capability id="pm" >Power Management</capability>
            <capability id="vpd" >Vital Product Data</capability>
            <capability id="msi" >Message Signalled Interrupts</capability>
            <capability id="bus_master" >bus mastering</capability>
            <capability id="cap_list" >PCI capabilities listing</capability>
            <capability id="ethernet" />
            <capability id="physical" >Physical interface</capability>
            <capability id="fibre" >optical fibre</capability>
            <capability id="1000bt" >1Gbit/s</capability>
            <capability id="1000bt-fd" >1Gbit/s (full duplex)</capability>
            <capability id="autonegotiation" >Auto-negotiation</capability>
           </capabilities>
           <resources>
            <resource type="irq" value="43" />
            <resource type="memory" value="fdef0000-fdefffff" />
            <resource type="memory" value="fdee0000-fdeeffff" />
           </resources>
          </node>
          <node id="network:1" disabled="true" claimed="true" class="network" handle="PCI:0000:03:04.1">
           <description>Ethernet interface</description>
           <product>NetXtreme BCM5715S Gigabit Ethernet</product>
           <vendor>Broadcom Corporation</vendor>
           <physid>4.1</physid>
           <businfo>pci@0000:03:04.1</businfo>
           <logicalname>eth1</logicalname>
           <version>a3</version>
           <serial>7b:af:21:00:4b:5a</serial>
           <capacity>1000000000</capacity>
           <width units="bits">64</width>
           <clock units="Hz">66000000</clock>
           <configuration>
            <setting id="autonegotiation" value="on" />
            <setting id="broadcast" value="yes" />
            <setting id="driver" value="tg3" />
            <setting id="driverversion" value="3.134" />
            <setting id="firmware" value="5715s-v3.28" />
            <setting id="latency" value="64" />
            <setting id="link" value="no" />
            <setting id="mingnt" value="64" />
            <setting id="multicast" value="yes" />
            <setting id="port" value="fibre" />
           </configuration>
           <capabilities>
            <capability id="pcix" >PCI-X</capability>
            <capability id="pm" >Power Management</capability>
            <capability id="vpd" >Vital Product Data</capability>
            <capability id="msi" >Message Signalled Interrupts</capability>
            <capability id="bus_master" >bus mastering</capability>
            <capability id="cap_list" >PCI capabilities listing</capability>
            <capability id="ethernet" />
            <capability id="physical" >Physical interface</capability>
            <capability id="fibre" >optical fibre</capability>
            <capability id="1000bt" >1Gbit/s</capability>
            <capability id="1000bt-fd" >1Gbit/s (full duplex)</capability>
            <capability id="autonegotiation" >Auto-negotiation</capability>
           </capabilities>
           <resources>
            <resource type="irq" value="19" />
            <resource type="memory" value="fded0000-fdedffff" />
            <resource type="memory" value="fdec0000-fdecffff" />
           </resources>
          </node>
        </node>
      </node>
      <node id="pci:2" claimed="true" class="bridge" handle="PCIBUS:0000:09">
       <description>PCI bridge</description>
       <product>5100 Chipset PCI Express x4 Port 4</product>
       <vendor>Intel Corporation</vendor>
       <physid>4</physid>
       <businfo>pci@0000:00:04.0</businfo>
       <version>90</version>
       <width units="bits">32</width>
       <clock units="Hz">33000000</clock>
       <configuration>
        <setting id="driver" value="pcieport" />
       </configuration>
       <capabilities>
        <capability id="pci" />
        <capability id="pm" >Power Management</capability>
        <capability id="msi" >Message Signalled Interrupts</capability>
        <capability id="pciexpress" >PCI Express</capability>
        <capability id="normal_decode" />
        <capability id="bus_master" >bus mastering</capability>
        <capability id="cap_list" >PCI capabilities listing</capability>
       </capabilities>
       <resources>
        <resource type="irq" value="0" />
       </resources>
      </node>
      <node id="pci:3" claimed="true" class="bridge" handle="PCIBUS:0000:0a">
       <description>PCI bridge</description>
       <product>5100 Chipset PCI Express x4 Port 5</product>
       <vendor>Intel Corporation</vendor>
       <physid>5</physid>
       <businfo>pci@0000:00:05.0</businfo>
       <version>90</version>
       <width units="bits">32</width>
       <clock units="Hz">33000000</clock>
       <configuration>
        <setting id="driver" value="pcieport" />
       </configuration>
       <capabilities>
        <capability id="pci" />
        <capability id="pm" >Power Management</capability>
        <capability id="msi" >Message Signalled Interrupts</capability>
        <capability id="pciexpress" >PCI Express</capability>
        <capability id="normal_decode" />
        <capability id="bus_master" >bus mastering</capability>
        <capability id="cap_list" >PCI capabilities listing</capability>
       </capabilities>
       <resources>
        <resource type="irq" value="0" />
       </resources>
      </node>
      <node id="pci:4" claimed="true" class="bridge" handle="PCIBUS:0000:04">
       <description>PCI bridge</description>
       <product>5100 Chipset PCI Express x8 Port 6-7</product>
       <vendor>Intel Corporation</vendor>
       <physid>6</physid>
       <businfo>pci@0000:00:06.0</businfo>
       <version>90</version>
       <width units="bits">32</width>
       <clock units="Hz">33000000</clock>
       <configuration>
        <setting id="driver" value="pcieport" />
       </configuration>
       <capabilities>
        <capability id="pci" />
        <capability id="pm" >Power Management</capability>
        <capability id="msi" >Message Signalled Interrupts</capability>
        <capability id="pciexpress" >PCI Express</capability>
        <capability id="normal_decode" />
        <capability id="bus_master" >bus mastering</capability>
        <capability id="cap_list" >PCI capabilities listing</capability>
       </capabilities>
       <resources>
        <resource type="irq" value="0" />
        <resource type="memory" value="fdf00000-fdffffff" />
        <resource type="ioport" value="fd000000(size=8388608)" />
       </resources>
        <node id="serial" claimed="true" class="bus" handle="PCI:0000:04:00.0">
         <description>InfiniBand</description>
         <product>MT25204 [InfiniHost III Lx HCA]</product>
         <vendor>Mellanox Technologies</vendor>
         <physid>0</physid>
         <businfo>pci@0000:04:00.0</businfo>
         <version>20</version>
         <width units="bits">64</width>
         <clock units="Hz">33000000</clock>
         <configuration>
          <setting id="driver" value="ib_mthca" />
          <setting id="latency" value="0" />
         </configuration>
         <capabilities>
          <capability id="pm" >Power Management</capability>
          <capability id="vpd" >Vital Product Data</capability>
          <capability id="msi" >Message Signalled Interrupts</capability>
          <capability id="msix" >MSI-X</capability>
          <capability id="pciexpress" >PCI Express</capability>
          <capability id="bus_master" >bus mastering</capability>
          <capability id="cap_list" >PCI capabilities listing</capability>
         </capabilities>
         <resources>
          <resource type="irq" value="19" />
          <resource type="memory" value="fdf00000-fdffffff" />
          <resource type="memory" value="fd000000-fd7fffff" />
         </resources>
        </node>
      </node>
      <node id="pci:5" claimed="true" class="bridge" handle="PCIBUS:0000:07">
       <description>PCI bridge</description>
       <product>5100 Chipset PCI Express x4 Port 7</product>
       <vendor>Intel Corporation</vendor>
       <physid>7</physid>
       <businfo>pci@0000:00:07.0</businfo>
       <version>90</version>
       <width units="bits">32</width>
       <clock units="Hz">33000000</clock>
       <configuration>
        <setting id="driver" value="pcieport" />
       </configuration>
       <capabilities>
        <capability id="pci" />
        <capability id="pm" >Power Management</capability>
        <capability id="msi" >Message Signalled Interrupts</capability>
        <capability id="pciexpress" >PCI Express</capability>
        <capability id="normal_decode" />
        <capability id="bus_master" >bus mastering</capability>
        <capability id="cap_list" >PCI capabilities listing</capability>
       </capabilities>
       <resources>
        <resource type="irq" value="0" />
       </resources>
      </node>
      <node id="usb:0" claimed="true" class="bus" handle="PCI:0000:00:1d.0">
       <description>USB controller</description>
       <product>82801I (ICH9 Family) USB UHCI Controller #1</product>
       <vendor>Intel Corporation</vendor>
       <physid>1d</physid>
       <businfo>pci@0000:00:1d.0</businfo>
       <version>02</version>
       <width units="bits">32</width>
       <clock units="Hz">33000000</clock>
       <configuration>
        <setting id="driver" value="uhci_hcd" />
        <setting id="latency" value="0" />
       </configuration>
       <capabilities>
        <capability id="uhci" >Universal Host Controller Interface (USB1)</capability>
        <capability id="bus_master" >bus mastering</capability>
        <capability id="cap_list" >PCI capabilities listing</capability>
       </capabilities>
       <resources>
        <resource type="irq" value="16" />
        <resource type="ioport" value="1000(size=32)" />
       </resources>
      </node>
      <node id="usb:1" claimed="true" class="bus" handle="PCI:0000:00:1d.1">
       <description>USB controller</description>
       <product>82801I (ICH9 Family) USB UHCI Controller #2</product>
       <vendor>Intel Corporation</vendor>
       <physid>1d.1</physid>
       <businfo>pci@0000:00:1d.1</businfo>
       <version>02</version>
       <width units="bits">32</width>
       <clock units="Hz">33000000</clock>
       <configuration>
        <setting id="driver" value="uhci_hcd" />
        <setting id="latency" value="0" />
       </configuration>
       <capabilities>
        <capability id="uhci" >Universal Host Controller Interface (USB1)</capability>
        <capability id="bus_master" >bus mastering</capability>
        <capability id="cap_list" >PCI capabilities listing</capability>
       </capabilities>
       <resources>
        <resource type="irq" value="17" />
        <resource type="ioport" value="1020(size=32)" />
       </resources>
      </node>
      <node id="usb:2" claimed="true" class="bus" handle="PCI:0000:00:1d.2">
       <description>USB controller</description>
       <product>82801I (ICH9 Family) USB UHCI Controller #3</product>
       <vendor>Intel Corporation</vendor>
       <physid>1d.2</physid>
       <businfo>pci@0000:00:1d.2</businfo>
       <version>02</version>
       <width units="bits">32</width>
       <clock units="Hz">33000000</clock>
       <configuration>
        <setting id="driver" value="uhci_hcd" />
        <setting id="latency" value="0" />
       </configuration>
       <capabilities>
        <capability id="uhci" >Universal Host Controller Interface (USB1)</capability>
        <capability id="bus_master" >bus mastering</capability>
        <capability id="cap_list" >PCI capabilities listing</capability>
       </capabilities>
       <resources>
        <resource type="irq" value="18" />
        <resource type="ioport" value="1040(size=32)" />
       </resources>
      </node>
      <node id="usb:3" claimed="true" class="bus" handle="PCI:0000:00:1d.7">
       <description>USB controller</description>
       <product>82801I (ICH9 Family) USB2 EHCI Controller #1</product>
       <vendor>Intel Corporation</vendor>
       <physid>1d.7</physid>
       <businfo>pci@0000:00:1d.7</businfo>
       <version>02</version>
       <width units="bits">32</width>
       <clock units="Hz">33000000</clock>
       <configuration>
        <setting id="driver" value="ehci-pci" />
        <setting id="latency" value="0" />
       </configuration>
       <capabilities>
        <capability id="pm" >Power Management</capability>
        <capability id="debug" >Debug port</capability>
        <capability id="ehci" >Enhanced Host Controller Interface (USB2)</capability>
        <capability id="bus_master" >bus mastering</capability>
        <capability id="cap_list" >PCI capabilities listing</capability>
       </capabilities>
       <resources>
        <resource type="irq" value="16" />
        <resource type="memory" value="fdbf0000-fdbf03ff" />
       </resources>
      </node>
      <node id="pci:6" claimed="true" class="bridge" handle="PCIBUS:0000:01">
       <description>PCI bridge</description>
       <product>82801 PCI Bridge</product>
       <vendor>Intel Corporation</vendor>
       <physid>1e</physid>
       <businfo>pci@0000:00:1e.0</businfo>
       <version>92</version>
       <width units="bits">32</width>
       <clock units="Hz">33000000</clock>
       <capabilities>
        <capability id="pci" />
        <capability id="subtractive_decode" />
        <capability id="bus_master" >bus mastering</capability>
        <capability id="cap_list" >PCI capabilities listing</capability>
       </capabilities>
       <resources>
        <resource type="ioport" value="2000(size=8192)" />
        <resource type="memory" value="fdc00000-fddfffff" />
        <resource type="ioport" value="f0000000(size=134217728)" />
       </resources>
        <node id="display" claimed="true" class="display" handle="PCI:0000:01:03.0">
         <description>VGA compatible controller</description>
         <product>ES1000</product>
         <vendor>Advanced Micro Devices, Inc. [AMD/ATI]</vendor>
         <physid>3</physid>
         <businfo>pci@0000:01:03.0</businfo>
         <version>02</version>
         <width units="bits">32</width>
         <clock units="Hz">33000000</clock>
         <configuration>
          <setting id="driver" value="radeon" />
          <setting id="latency" value="64" />
          <setting id="mingnt" value="8" />
         </configuration>
         <capabilities>
          <capability id="pm" >Power Management</capability>
          <capability id="vga_controller" />
          <capability id="bus_master" >bus mastering</capability>
          <capability id="cap_list" >PCI capabilities listing</capability>
          <capability id="rom" >extension ROM</capability>
         </capabilities>
         <resources>
          <resource type="irq" value="23" />
          <resource type="memory" value="f0000000-f7ffffff" />
          <resource type="ioport" value="3000(size=256)" />
          <resource type="memory" value="fddf0000-fddfffff" />
          <resource type="memory" value="fdc00000-fdc1ffff" />
         </resources>
        </node>
        <node id="generic:0" class="generic" handle="PCI:0000:01:04.0">
         <description>System peripheral</description>
         <product>Integrated Lights Out Controller</product>
         <vendor>Compaq Computer Corporation</vendor>
         <physid>4</physid>
         <businfo>pci@0000:01:04.0</businfo>
         <version>03</version>
         <width units="bits">32</width>
         <clock units="Hz">33000000</clock>
         <configuration>
          <setting id="latency" value="0" />
         </configuration>
         <capabilities>
          <capability id="pm" >Power Management</capability>
          <capability id="cap_list" >PCI capabilities listing</capability>
         </capabilities>
         <resources>
          <resource type="ioport" value="2800(size=256)" />
          <resource type="memory" value="fdde0000-fdde01ff" />
         </resources>
        </node>
        <node id="generic:1" claimed="true" class="generic" handle="PCI:0000:01:04.2">
         <description>System peripheral</description>
         <product>Integrated Lights Out  Processor</product>
         <vendor>Compaq Computer Corporation</vendor>
         <physid>4.2</physid>
         <businfo>pci@0000:01:04.2</businfo>
         <version>03</version>
         <width units="bits">32</width>
         <clock units="Hz">33000000</clock>
         <configuration>
          <setting id="driver" value="hpilo" />
          <setting id="latency" value="64" />
         </configuration>
         <capabilities>
          <capability id="pm" >Power Management</capability>
          <capability id="bus_master" >bus mastering</capability>
          <capability id="cap_list" >PCI capabilities listing</capability>
          <capability id="rom" >extension ROM</capability>
         </capabilities>
         <resources>
          <resource type="irq" value="22" />
          <resource type="ioport" value="3400(size=256)" />
          <resource type="memory" value="fddd0000-fddd07ff" />
          <resource type="memory" value="fddc0000-fddc3fff" />
          <resource type="memory" value="fdd00000-fdd7ffff" />
          <resource type="memory" value="fdc20000-fdc2ffff" />
         </resources>
        </node>
        <node id="usb" claimed="true" class="bus" handle="PCI:0000:01:04.4">
         <description>USB controller</description>
         <product>Integrated Lights-Out Standard Virtual USB Controller</product>
         <vendor>Hewlett-Packard Company</vendor>
         <physid>4.4</physid>
         <businfo>pci@0000:01:04.4</businfo>
         <version>00</version>
         <width units="bits">32</width>
         <clock units="Hz">33000000</clock>
         <configuration>
          <setting id="driver" value="uhci_hcd" />
          <setting id="latency" value="64" />
         </configuration>
         <capabilities>
          <capability id="pm" >Power Management</capability>
          <capability id="uhci" >Universal Host Controller Interface (USB1)</capability>
          <capability id="bus_master" >bus mastering</capability>
          <capability id="cap_list" >PCI capabilities listing</capability>
         </capabilities>
         <resources>
          <resource type="irq" value="22" />
          <resource type="ioport" value="3800(size=32)" />
         </resources>
        </node>
        <node id="serial" claimed="true" class="bus" handle="PCI:0000:01:04.6">
         <description>IPMI SMIC interface</description>
         <product>Integrated Lights-Out Standard KCS Interface</product>
         <vendor>Hewlett-Packard Company</vendor>
         <physid>4.6</physid>
         <businfo>pci@0000:01:04.6</businfo>
         <version>00</version>
         <width units="bits">32</width>
         <clock units="Hz">33000000</clock>
         <configuration>
          <setting id="driver" value="ipmi_si" />
          <setting id="latency" value="0" />
         </configuration>
         <capabilities>
          <capability id="pm" >Power Management</capability>
          <capability id="cap_list" >PCI capabilities listing</capability>
         </capabilities>
         <resources>
          <resource type="irq" value="21" />
          <resource type="memory" value="fdcf0000-fdcf00ff" />
         </resources>
        </node>
      </node>
      <node id="isa" claimed="true" class="bridge" handle="PCI:0000:00:1f.0">
       <description>ISA bridge</description>
       <product>82801IR (ICH9R) LPC Interface Controller</product>
       <vendor>Intel Corporation</vendor>
       <physid>1f</physid>
       <businfo>pci@0000:00:1f.0</businfo>
       <version>02</version>
       <width units="bits">32</width>
       <clock units="Hz">33000000</clock>
       <configuration>
        <setting id="driver" value="lpc_ich" />
        <setting id="latency" value="0" />
       </configuration>
       <capabilities>
        <capability id="isa" />
        <capability id="bus_master" >bus mastering</capability>
        <capability id="cap_list" >PCI capabilities listing</capability>
       </capabilities>
       <resources>
        <resource type="irq" value="0" />
       </resources>
      </node>
      <node id="ide" claimed="true" class="storage" handle="PCI:0000:00:1f.2">
       <description>IDE interface</description>
       <product>82801IR/IO/IH (ICH9R/DO/DH) 4 port SATA Controller [IDE mode]</product>
       <vendor>Intel Corporation</vendor>
       <physid>1f.2</physid>
       <businfo>pci@0000:00:1f.2</businfo>
       <version>02</version>
       <width units="bits">32</width>
       <clock units="Hz">66000000</clock>
       <configuration>
        <setting id="driver" value="ata_piix" />
        <setting id="latency" value="0" />
       </configuration>
       <capabilities>
        <capability id="ide" />
        <capability id="pm" >Power Management</capability>
        <capability id="bus_master" >bus mastering</capability>
        <capability id="cap_list" >PCI capabilities listing</capability>
       </capabilities>
       <resources>
        <resource type="irq" value="17" />
        <resource type="ioport" value="1060(size=8)" />
        <resource type="ioport" value="1068(size=4)" />
        <resource type="ioport" value="1070(size=8)" />
        <resource type="ioport" value="1078(size=4)" />
        <resource type="ioport" value="1080(size=16)" />
        <resource type="ioport" value="1090(size=16)" />
       </resources>
      </node>
    </node>
    <node id="pci:1" claimed="true" class="bridge" handle="PCIBUS:0000:00">
     <description>Host bridge</description>
     <product>5100 Chipset FSB Registers</product>
     <vendor>Intel Corporation</vendor>
     <physid>101</physid>
     <businfo>pci@0000:00:10.0</businfo>
     <version>90</version>
     <width units="bits">32</width>
     <clock units="Hz">33000000</clock>
    </node>
    <node id="pci:2" claimed="true" class="bridge" handle="PCIBUS:0000:00">
     <description>Host bridge</description>
     <product>5100 Chipset FSB Registers</product>
     <vendor>Intel Corporation</vendor>
     <physid>102</physid>
     <businfo>pci@0000:00:10.1</businfo>
     <version>90</version>
     <width units="bits">32</width>
     <clock units="Hz">33000000</clock>
     <configuration>
      <setting id="driver" value="i5100_edac" />
     </configuration>
     <resources>
      <resource type="irq" value="0" />
     </resources>
    </node>
    <node id="pci:3" claimed="true" class="bridge" handle="PCIBUS:0000:00">
     <description>Host bridge</description>
     <product>5100 Chipset FSB Registers</product>
     <vendor>Intel Corporation</vendor>
     <physid>103</physid>
     <businfo>pci@0000:00:10.2</businfo>
     <version>90</version>
     <width units="bits">32</width>
     <clock units="Hz">33000000</clock>
    </node>
    <node id="pci:4" claimed="true" class="bridge" handle="PCIBUS:0000:00">
     <description>Host bridge</description>
     <product>5100 Chipset Reserved Registers</product>
     <vendor>Intel Corporation</vendor>
     <physid>104</physid>
     <businfo>pci@0000:00:11.0</businfo>
     <version>90</version>
     <width units="bits">32</width>
     <clock units="Hz">33000000</clock>
    </node>
    <node id="pci:5" claimed="true" class="bridge" handle="PCIBUS:0000:00">
     <description>Host bridge</description>
     <product>5100 Chipset Reserved Registers</product>
     <vendor>Intel Corporation</vendor>
     <physid>105</physid>
     <businfo>pci@0000:00:13.0</businfo>
     <version>90</version>
     <width units="bits">32</width>
     <clock units="Hz">33000000</clock>
    </node>
    <node id="pci:6" claimed="true" class="bridge" handle="PCIBUS:0000:00">
     <description>Host bridge</description>
     <product>5100 Chipset DDR Channel 0 Registers</product>
     <vendor>Intel Corporation</vendor>
     <physid>106</physid>
     <businfo>pci@0000:00:15.0</businfo>
     <version>90</version>
     <width units="bits">32</width>
     <clock units="Hz">33000000</clock>
    </node>
    <node id="pci:7" claimed="true" class="bridge" handle="PCIBUS:0000:00">
     <description>Host bridge</description>
     <product>5100 Chipset DDR Channel 1 Registers</product>
     <vendor>Intel Corporation</vendor>
     <physid>107</physid>
     <businfo>pci@0000:00:16.0</businfo>
     <version>90</version>
     <width units="bits">32</width>
     <clock units="Hz">33000000</clock>
    </node>
    <node id="scsi" claimed="true" class="storage" handle="">
     <physid>1</physid>
     <logicalname>scsi0</logicalname>
     <capabilities>
      <capability id="emulated" >Emulated device</capability>
     </capabilities>
      <node id="disk" claimed="true" class="disk" handle="SCSI:00:00:00:00">
       <description>ATA Disk</description>
       <product>GJ0120CACZT</product>
       <physid>0.0.0</physid>
       <businfo>scsi@0:0.0.0</businfo>
       <logicalname>/dev/sda</logicalname>
       <dev>8:0</dev>
       <version>HPG1</version>
       <serial>95dd470381dad517e538a28c6acfdee1</serial>
       <size units="bytes">120034123776</size>
       <configuration>
        <setting id="ansiversion" value="5" />
        <setting id="sectorsize" value="512" />
        <setting id="signature" value="000783fc" />
       </configuration>
       <capabilities>
        <capability id="partitioned" >Partitioned disk</capability>
        <capability id="partitioned:dos" >MS-DOS partition table</capability>
       </capabilities>
        <node id="volume:0" claimed="true" class="volume" handle="">
         <description>EXT4 volume</description>
         <vendor>Linux</vendor>
         <physid>1</physid>
         <businfo>scsi@0:0.0.0,1</businfo>
         <logicalname>/dev/sda1</logicalname>
         <logicalname>/</logicalname>
         <dev>8:1</dev>
         <version>1.0</version>
         <serial>922faf46bdfc199e6481960cab101a50</serial>
         <size units="bytes">118032957440</size>
         <capacity>118032957440</capacity>
         <configuration>
          <setting id="created" value="2016-08-27 04:34:56" />
          <setting id="filesystem" value="ext4" />
          <setting id="lastmountpoint" value="/" />
          <setting id="modified" value="2017-02-28 21:02:48" />
          <setting id="mount.fstype" value="ext4" />
          <setting id="mount.options" value="rw,relatime,errors=remount-ro,data=ordered" />
          <setting id="mounted" value="2017-02-28 21:02:48" />
          <setting id="state" value="mounted" />
         </configuration>
         <capabilities>
          <capability id="primary" >Primary partition</capability>
          <capability id="bootable" >Bootable partition (active)</capability>
          <capability id="journaled" />
          <capability id="extended_attributes" >Extended Attributes</capability>
          <capability id="large_files" >4GB+ files</capability>
          <capability id="huge_files" >16TB+ files</capability>
          <capability id="dir_nlink" >directories with 65000+ subdirs</capability>
          <capability id="extents" >extent-based allocation</capability>
          <capability id="ext4" />
          <capability id="ext2" >EXT2/EXT3</capability>
          <capability id="initialized" >initialized volume</capability>
         </capabilities>
        </node>
        <node id="volume:1" claimed="true" class="volume" handle="">
         <description>Extended partition</description>
         <physid>2</physid>
         <businfo>scsi@0:0.0.0,2</businfo>
         <logicalname>/dev/sda2</logicalname>
         <dev>8:2</dev>
         <size units="bytes">1998586880</size>
         <capacity>1998586880</capacity>
         <capabilities>
          <capability id="primary" >Primary partition</capability>
          <capability id="extended" >Extended partition</capability>
          <capability id="partitioned" >Partitioned disk</capability>
          <capability id="partitioned:extended" >Extended partition</capability>
         </capabilities>
          <node id="logicalvolume" claimed="true" class="volume" handle="">
           <description>Linux swap / Solaris partition</description>
           <physid>5</physid>
           <logicalname>/dev/sda5</logicalname>
           <dev>8:5</dev>
           <capacity>1998585856</capacity>
           <capabilities>
            <capability id="nofs" >No filesystem</capability>
           </capabilities>
          </node>
        </node>
      </node>
    </node>
  </node>
  <node id="network" disabled="true" claimed="true" class="network" handle="">
   <description>Ethernet interface</description>
   <physid>1</physid>
   <logicalname>bond0</logicalname>
   <serial>8a:16:b8:5a:31:91</serial>
   <configuration>
    <setting id="autonegotiation" value="off" />
    <setting id="broadcast" value="yes" />
    <setting id="driver" value="bonding" />
    <setting id="driverversion" value="3.7.1" />
    <setting id="firmware" value="2" />
    <setting id="link" value="no" />
    <setting id="master" value="yes" />
    <setting id="multicast" value="yes" />
   </configuration>
   <capabilities>
    <capability id="ethernet" />
    <capability id="physical" >Physical interface</capability>
   </capabilities>
  </node>
</node>
</list>
