<?xml version="1.0" standalone="yes" ?>
<!-- generated by lshw-B.02.16 -->
<!-- GCC 4.8.4 -->
<!-- Linux 3.13.0-43-generic #72-Ubuntu SMP Mon Dec 8 19:35:06 UTC 2014 x86_64 -->
<!-- GNU libc 2 (glibc 2.19) -->
<list>
<node id="operations" claimed="true" class="system" handle="DMI:0100">
 <description>Computer</description>
 <product>Bochs ()</product>
 <vendor>Bochs</vendor>
 <width units="bits">64</width>
 <configuration>
  <setting id="boot" value="normal" />
  <setting id="uuid" value="EF44FBAB-1B1F-96C9-6FD5-B0013E49B670" />
 </configuration>
 <capabilities>
  <capability id="smbios-2.4" >SMBIOS version 2.4</capability>
  <capability id="dmi-2.4" >DMI version 2.4</capability>
  <capability id="vsyscall32" >32-bit processes</capability>
 </capabilities>
  <node id="core" claimed="true" class="bus" handle="">
   <description>Motherboard</description>
   <physid>0</physid>
    <node id="firmware" claimed="true" class="memory" handle="">
     <description>BIOS</description>
     <vendor>Bochs</vendor>
     <physid>0</physid>
     <version>Bochs</version>
     <date>01/01/2011</date>
     <size units="bytes">98304</size>
    </node>
    <node id="cpu:0" claimed="true" class="processor" handle="DMI:0401">
     <description>CPU</description>
     <product>QEMU Virtual CPU version 1.0</product>
     <vendor>Intel Corp.</vendor>
     <physid>401</physid>
     <businfo>cpu@0</businfo>
     <slot>CPU 1</slot>
     <size units="Hz">2000000000</size>
     <capacity units="Hz">2000000000</capacity>
     <width units="bits">64</width>
     <capabilities>
      <capability id="fpu" >mathematical co-processor</capability>
      <capability id="fpu_exception" >FPU exceptions reporting</capability>
      <capability id="wp" />
      <capability id="de" >debugging extensions</capability>
      <capability id="pse" >page size extensions</capability>
      <capability id="tsc" >time stamp counter</capability>
      <capability id="msr" >model-specific registers</capability>
      <capability id="pae" >4GB+ memory addressing (Physical Address Extension)</capability>
      <capability id="mce" >machine check exceptions</capability>
      <capability id="cx8" >compare and exchange 8-byte</capability>
      <capability id="apic" >on-chip advanced programmable interrupt controller (APIC)</capability>
      <capability id="sep" >fast system calls</capability>
      <capability id="mtrr" >memory type range registers</capability>
      <capability id="pge" >page global enable</capability>
      <capability id="mca" >machine check architecture</capability>
      <capability id="cmov" >conditional move instruction</capability>
      <capability id="pse36" >36-bit page size extensions</capability>
      <capability id="clflush" />
      <capability id="mmx" >multimedia extensions (MMX)</capability>
      <capability id="fxsr" >fast floating point save/restore</capability>
      <capability id="sse" >streaming SIMD extensions (SSE)</capability>
      <capability id="sse2" >streaming SIMD extensions (SSE2)</capability>
      <capability id="syscall" >fast system calls</capability>
      <capability id="nx" >no-execute bit (NX)</capability>
      <capability id="x86-64" >64bits extensions (x86-64)</capability>
      <capability id="rep_good" />
      <capability id="nopl" />
      <capability id="pni" />
      <capability id="vmx" />
      <capability id="cx16" />
      <capability id="popcnt" />
      <capability id="hypervisor" />
      <capability id="lahf_lm" />
      <capability id="vnmi" />
      <capability id="ept" />
     </capabilities>
    </node>
    <node id="cpu:1" claimed="true" class="processor" handle="DMI:0402">
     <description>CPU</description>
     <product>QEMU Virtual CPU version 1.0</product>
     <vendor>Intel Corp.</vendor>
     <physid>402</physid>
     <businfo>cpu@1</businfo>
     <slot>CPU 2</slot>
     <size units="Hz">2000000000</size>
     <capacity units="Hz">2000000000</capacity>
     <width units="bits">64</width>
     <capabilities>
      <capability id="fpu" >mathematical co-processor</capability>
      <capability id="fpu_exception" >FPU exceptions reporting</capability>
      <capability id="wp" />
      <capability id="de" >debugging extensions</capability>
      <capability id="pse" >page size extensions</capability>
      <capability id="tsc" >time stamp counter</capability>
      <capability id="msr" >model-specific registers</capability>
      <capability id="pae" >4GB+ memory addressing (Physical Address Extension)</capability>
      <capability id="mce" >machine check exceptions</capability>
      <capability id="cx8" >compare and exchange 8-byte</capability>
      <capability id="apic" >on-chip advanced programmable interrupt controller (APIC)</capability>
      <capability id="sep" >fast system calls</capability>
      <capability id="mtrr" >memory type range registers</capability>
      <capability id="pge" >page global enable</capability>
      <capability id="mca" >machine check architecture</capability>
      <capability id="cmov" >conditional move instruction</capability>
      <capability id="pse36" >36-bit page size extensions</capability>
      <capability id="clflush" />
      <capability id="mmx" >multimedia extensions (MMX)</capability>
      <capability id="fxsr" >fast floating point save/restore</capability>
      <capability id="sse" >streaming SIMD extensions (SSE)</capability>
      <capability id="sse2" >streaming SIMD extensions (SSE2)</capability>
      <capability id="syscall" >fast system calls</capability>
      <capability id="nx" >no-execute bit (NX)</capability>
      <capability id="x86-64" >64bits extensions (x86-64)</capability>
      <capability id="rep_good" />
      <capability id="nopl" />
      <capability id="pni" />
      <capability id="vmx" />
      <capability id="cx16" />
      <capability id="popcnt" />
      <capability id="hypervisor" />
      <capability id="lahf_lm" />
      <capability id="vnmi" />
      <capability id="ept" />
     </capabilities>
    </node>
    <node id="cpu:2" claimed="true" class="processor" handle="DMI:0403">
     <description>CPU</description>
     <product>QEMU Virtual CPU version 1.0</product>
     <vendor>Intel Corp.</vendor>
     <physid>403</physid>
     <businfo>cpu@2</businfo>
     <slot>CPU 3</slot>
     <size units="Hz">2000000000</size>
     <capacity units="Hz">2000000000</capacity>
     <width units="bits">64</width>
     <capabilities>
      <capability id="fpu" >mathematical co-processor</capability>
      <capability id="fpu_exception" >FPU exceptions reporting</capability>
      <capability id="wp" />
      <capability id="de" >debugging extensions</capability>
      <capability id="pse" >page size extensions</capability>
      <capability id="tsc" >time stamp counter</capability>
      <capability id="msr" >model-specific registers</capability>
      <capability id="pae" >4GB+ memory addressing (Physical Address Extension)</capability>
      <capability id="mce" >machine check exceptions</capability>
      <capability id="cx8" >compare and exchange 8-byte</capability>
      <capability id="apic" >on-chip advanced programmable interrupt controller (APIC)</capability>
      <capability id="sep" >fast system calls</capability>
      <capability id="mtrr" >memory type range registers</capability>
      <capability id="pge" >page global enable</capability>
      <capability id="mca" >machine check architecture</capability>
      <capability id="cmov" >conditional move instruction</capability>
      <capability id="pse36" >36-bit page size extensions</capability>
      <capability id="clflush" />
      <capability id="mmx" >multimedia extensions (MMX)</capability>
      <capability id="fxsr" >fast floating point save/restore</capability>
      <capability id="sse" >streaming SIMD extensions (SSE)</capability>
      <capability id="sse2" >streaming SIMD extensions (SSE2)</capability>
      <capability id="syscall" >fast system calls</capability>
      <capability id="nx" >no-execute bit (NX)</capability>
      <capability id="x86-64" >64bits extensions (x86-64)</capability>
      <capability id="rep_good" />
      <capability id="nopl" />
      <capability id="pni" />
      <capability id="vmx" />
      <capability id="cx16" />
      <capability id="popcnt" />
      <capability id="hypervisor" />
      <capability id="lahf_lm" />
      <capability id="vnmi" />
      <capability id="ept" />
     </capabilities>
    </node>
    <node id="cpu:3" claimed="true" class="processor" handle="DMI:0404">
     <description>CPU</description>
     <product>QEMU Virtual CPU version 1.0</product>
     <vendor>Intel Corp.</vendor>
     <physid>404</physid>
     <businfo>cpu@3</businfo>
     <slot>CPU 4</slot>
     <size units="Hz">2000000000</size>
     <capacity units="Hz">2000000000</capacity>
     <width units="bits">64</width>
     <capabilities>
      <capability id="fpu" >mathematical co-processor</capability>
      <capability id="fpu_exception" >FPU exceptions reporting</capability>
      <capability id="wp" />
      <capability id="de" >debugging extensions</capability>
      <capability id="pse" >page size extensions</capability>
      <capability id="tsc" >time stamp counter</capability>
      <capability id="msr" >model-specific registers</capability>
      <capability id="pae" >4GB+ memory addressing (Physical Address Extension)</capability>
      <capability id="mce" >machine check exceptions</capability>
      <capability id="cx8" >compare and exchange 8-byte</capability>
      <capability id="apic" >on-chip advanced programmable interrupt controller (APIC)</capability>
      <capability id="sep" >fast system calls</capability>
      <capability id="mtrr" >memory type range registers</capability>
      <capability id="pge" >page global enable</capability>
      <capability id="mca" >machine check architecture</capability>
      <capability id="cmov" >conditional move instruction</capability>
      <capability id="pse36" >36-bit page size extensions</capability>
      <capability id="clflush" />
      <capability id="mmx" >multimedia extensions (MMX)</capability>
      <capability id="fxsr" >fast floating point save/restore</capability>
      <capability id="sse" >streaming SIMD extensions (SSE)</capability>
      <capability id="sse2" >streaming SIMD extensions (SSE2)</capability>
      <capability id="syscall" >fast system calls</capability>
      <capability id="nx" >no-execute bit (NX)</capability>
      <capability id="x86-64" >64bits extensions (x86-64)</capability>
      <capability id="rep_good" />
      <capability id="nopl" />
      <capability id="pni" />
      <capability id="vmx" />
      <capability id="cx16" />
      <capability id="popcnt" />
      <capability id="hypervisor" />
      <capability id="lahf_lm" />
      <capability id="vnmi" />
      <capability id="ept" />
     </capabilities>
    </node>
    <node id="cpu:4" claimed="true" class="processor" handle="DMI:0405">
     <description>CPU</description>
     <product>QEMU Virtual CPU version 1.0</product>
     <vendor>Intel Corp.</vendor>
     <physid>405</physid>
     <businfo>cpu@4</businfo>
     <slot>CPU 5</slot>
     <size units="Hz">2000000000</size>
     <capacity units="Hz">2000000000</capacity>
     <width units="bits">64</width>
     <capabilities>
      <capability id="fpu" >mathematical co-processor</capability>
      <capability id="fpu_exception" >FPU exceptions reporting</capability>
      <capability id="wp" />
      <capability id="de" >debugging extensions</capability>
      <capability id="pse" >page size extensions</capability>
      <capability id="tsc" >time stamp counter</capability>
      <capability id="msr" >model-specific registers</capability>
      <capability id="pae" >4GB+ memory addressing (Physical Address Extension)</capability>
      <capability id="mce" >machine check exceptions</capability>
      <capability id="cx8" >compare and exchange 8-byte</capability>
      <capability id="apic" >on-chip advanced programmable interrupt controller (APIC)</capability>
      <capability id="sep" >fast system calls</capability>
      <capability id="mtrr" >memory type range registers</capability>
      <capability id="pge" >page global enable</capability>
      <capability id="mca" >machine check architecture</capability>
      <capability id="cmov" >conditional move instruction</capability>
      <capability id="pse36" >36-bit page size extensions</capability>
      <capability id="clflush" />
      <capability id="mmx" >multimedia extensions (MMX)</capability>
      <capability id="fxsr" >fast floating point save/restore</capability>
      <capability id="sse" >streaming SIMD extensions (SSE)</capability>
      <capability id="sse2" >streaming SIMD extensions (SSE2)</capability>
      <capability id="syscall" >fast system calls</capability>
      <capability id="nx" >no-execute bit (NX)</capability>
      <capability id="x86-64" >64bits extensions (x86-64)</capability>
      <capability id="rep_good" />
      <capability id="nopl" />
      <capability id="pni" />
      <capability id="vmx" />
      <capability id="cx16" />
      <capability id="popcnt" />
      <capability id="hypervisor" />
      <capability id="lahf_lm" />
      <capability id="vnmi" />
      <capability id="ept" />
     </capabilities>
    </node>
    <node id="cpu:5" claimed="true" class="processor" handle="DMI:0406">
     <description>CPU</description>
     <product>QEMU Virtual CPU version 1.0</product>
     <vendor>Intel Corp.</vendor>
     <physid>406</physid>
     <businfo>cpu@5</businfo>
     <slot>CPU 6</slot>
     <size units="Hz">2000000000</size>
     <capacity units="Hz">2000000000</capacity>
     <width units="bits">64</width>
     <capabilities>
      <capability id="fpu" >mathematical co-processor</capability>
      <capability id="fpu_exception" >FPU exceptions reporting</capability>
      <capability id="wp" />
      <capability id="de" >debugging extensions</capability>
      <capability id="pse" >page size extensions</capability>
      <capability id="tsc" >time stamp counter</capability>
      <capability id="msr" >model-specific registers</capability>
      <capability id="pae" >4GB+ memory addressing (Physical Address Extension)</capability>
      <capability id="mce" >machine check exceptions</capability>
      <capability id="cx8" >compare and exchange 8-byte</capability>
      <capability id="apic" >on-chip advanced programmable interrupt controller (APIC)</capability>
      <capability id="sep" >fast system calls</capability>
      <capability id="mtrr" >memory type range registers</capability>
      <capability id="pge" >page global enable</capability>
      <capability id="mca" >machine check architecture</capability>
      <capability id="cmov" >conditional move instruction</capability>
      <capability id="pse36" >36-bit page size extensions</capability>
      <capability id="clflush" />
      <capability id="mmx" >multimedia extensions (MMX)</capability>
      <capability id="fxsr" >fast floating point save/restore</capability>
      <capability id="sse" >streaming SIMD extensions (SSE)</capability>
      <capability id="sse2" >streaming SIMD extensions (SSE2)</capability>
      <capability id="syscall" >fast system calls</capability>
      <capability id="nx" >no-execute bit (NX)</capability>
      <capability id="x86-64" >64bits extensions (x86-64)</capability>
      <capability id="rep_good" />
      <capability id="nopl" />
      <capability id="pni" />
      <capability id="vmx" />
      <capability id="cx16" />
      <capability id="popcnt" />
      <capability id="hypervisor" />
      <capability id="lahf_lm" />
      <capability id="vnmi" />
      <capability id="ept" />
     </capabilities>
    </node>
    <node id="memory" claimed="true" class="memory" handle="DMI:1000">
     <description>System Memory</description>
     <physid>1000</physid>
     <size units="bytes">6442450944</size>
      <node id="bank" claimed="true" class="memory" handle="DMI:1100">
       <description>DIMM RAM</description>
       <physid>0</physid>
       <slot>DIMM 0</slot>
       <size units="bytes">6442450944</size>
       <width units="bits">64</width>
      </node>
    </node>
    <node id="pci" claimed="true" class="bridge" handle="PCIBUS:0000:00">
     <description>Host bridge</description>
     <product>440FX - 82441FX PMC [Natoma]</product>
     <vendor>Intel Corporation</vendor>
     <physid>100</physid>
     <businfo>pci@0000:00:00.0</businfo>
     <version>02</version>
     <width units="bits">32</width>
     <clock units="Hz">33000000</clock>
      <node id="isa" claimed="true" class="bridge" handle="PCI:0000:00:01.0">
       <description>ISA bridge</description>
       <product>82371SB PIIX3 ISA [Natoma/Triton II]</product>
       <vendor>Intel Corporation</vendor>
       <physid>1</physid>
       <businfo>pci@0000:00:01.0</businfo>
       <version>00</version>
       <width units="bits">32</width>
       <clock units="Hz">33000000</clock>
       <configuration>
        <setting id="latency" value="0" />
       </configuration>
       <capabilities>
        <capability id="isa" />
       </capabilities>
      </node>
      <node id="ide" claimed="true" class="storage" handle="PCI:0000:00:01.1">
       <description>IDE interface</description>
       <product>82371SB PIIX3 IDE [Natoma/Triton II]</product>
       <vendor>Intel Corporation</vendor>
       <physid>1.1</physid>
       <businfo>pci@0000:00:01.1</businfo>
       <version>00</version>
       <width units="bits">32</width>
       <clock units="Hz">33000000</clock>
       <configuration>
        <setting id="driver" value="ata_piix" />
        <setting id="latency" value="0" />
       </configuration>
       <capabilities>
        <capability id="ide" />
        <capability id="bus_master" >bus mastering</capability>
       </capabilities>
       <resources>
        <resource type="irq" value="0" />
        <resource type="ioport" value="1f0(size=8)" />
        <resource type="ioport" value="3f6" />
        <resource type="ioport" value="170(size=8)" />
        <resource type="ioport" value="376" />
        <resource type="ioport" value="c3c0(size=16)" />
       </resources>
      </node>
      <node id="usb" claimed="true" class="bus" handle="PCI:0000:00:01.2">
       <description>USB controller</description>
       <product>82371SB PIIX3 USB [Natoma/Triton II]</product>
       <vendor>Intel Corporation</vendor>
       <physid>1.2</physid>
       <businfo>pci@0000:00:01.2</businfo>
       <version>01</version>
       <width units="bits">32</width>
       <clock units="Hz">33000000</clock>
       <configuration>
        <setting id="driver" value="uhci_hcd" />
        <setting id="latency" value="0" />
       </configuration>
       <capabilities>
        <capability id="uhci" >Universal Host Controller Interface (USB1)</capability>
        <capability id="bus_master" >bus mastering</capability>
       </capabilities>
       <resources>
        <resource type="irq" value="11" />
        <resource type="ioport" value="c380(size=32)" />
       </resources>
      </node>
      <node id="bridge" claimed="true" class="bridge" handle="PCI:0000:00:01.3">
       <description>Bridge</description>
       <product>82371AB/EB/MB PIIX4 ACPI</product>
       <vendor>Intel Corporation</vendor>
       <physid>1.3</physid>
       <businfo>pci@0000:00:01.3</businfo>
       <version>03</version>
       <width units="bits">32</width>
       <clock units="Hz">33000000</clock>
       <configuration>
        <setting id="driver" value="piix4_smbus" />
        <setting id="latency" value="0" />
       </configuration>
       <capabilities>
        <capability id="bridge" />
       </capabilities>
       <resources>
        <resource type="irq" value="9" />
       </resources>
      </node>
      <node id="display" claimed="true" class="display" handle="PCI:0000:00:02.0">
       <description>VGA compatible controller</description>
       <product>GD 5446</product>
       <vendor>Cirrus Logic</vendor>
       <physid>2</physid>
       <businfo>pci@0000:00:02.0</businfo>
       <version>00</version>
       <width units="bits">32</width>
       <clock units="Hz">33000000</clock>
       <configuration>
        <setting id="driver" value="cirrus" />
        <setting id="latency" value="0" />
       </configuration>
       <capabilities>
        <capability id="vga_controller" />
        <capability id="rom" >extension ROM</capability>
       </capabilities>
       <resources>
        <resource type="irq" value="0" />
        <resource type="memory" value="fc000000-fdffffff" />
        <resource type="memory" value="febf0000-febf0fff" />
        <resource type="memory" value="febe0000-febeffff" />
       </resources>
      </node>
      <node id="network:0" claimed="true" class="network" handle="PCI:0000:00:03.0">
       <description>Ethernet interface</description>
       <product>RTL-8100/8101L/8139 PCI Fast Ethernet Adapter</product>
       <vendor>Realtek Semiconductor Co., Ltd.</vendor>
       <physid>3</physid>
       <businfo>pci@0000:00:03.0</businfo>
       <logicalname>eth0</logicalname>
       <version>20</version>
       <serial>3e:71:54:52:62:00</serial>
       <size units="bit/s">100000000</size>
       <capacity>100000000</capacity>
       <width units="bits">32</width>
       <clock units="Hz">33000000</clock>
       <configuration>
        <setting id="autonegotiation" value="on" />
        <setting id="broadcast" value="yes" />
        <setting id="driver" value="8139cp" />
        <setting id="driverversion" value="1.3" />
        <setting id="duplex" value="full" />
        <setting id="ip" value="129.128.139.5" />
        <setting id="latency" value="0" />
        <setting id="link" value="yes" />
        <setting id="multicast" value="yes" />
        <setting id="port" value="MII" />
        <setting id="speed" value="100Mbit/s" />
       </configuration>
       <capabilities>
        <capability id="bus_master" >bus mastering</capability>
        <capability id="rom" >extension ROM</capability>
        <capability id="ethernet" />
        <capability id="physical" >Physical interface</capability>
        <capability id="tp" >twisted pair</capability>
        <capability id="mii" >Media Independent Interface</capability>
        <capability id="10bt" >10Mbit/s</capability>
        <capability id="10bt-fd" >10Mbit/s (full duplex)</capability>
        <capability id="100bt" >100Mbit/s</capability>
        <capability id="100bt-fd" >100Mbit/s (full duplex)</capability>
        <capability id="autonegotiation" >Auto-negotiation</capability>
       </capabilities>
       <resources>
        <resource type="irq" value="11" />
        <resource type="ioport" value="c000(size=256)" />
        <resource type="memory" value="febf1000-febf10ff" />
        <resource type="memory" value="feb80000-feb9ffff" />
       </resources>
      </node>
      <node id="scsi:0" claimed="true" class="storage" handle="PCI:0000:00:04.0">
       <description>SCSI storage controller</description>
       <product>Virtio block device</product>
       <vendor>Red Hat, Inc</vendor>
       <physid>4</physid>
       <businfo>pci@0000:00:04.0</businfo>
       <version>00</version>
       <width units="bits">32</width>
       <clock units="Hz">33000000</clock>
       <configuration>
        <setting id="driver" value="virtio-pci" />
        <setting id="latency" value="0" />
       </configuration>
       <capabilities>
        <capability id="scsi" />
        <capability id="msix" >MSI-X</capability>
        <capability id="bus_master" >bus mastering</capability>
        <capability id="cap_list" >PCI capabilities listing</capability>
       </capabilities>
       <resources>
        <resource type="irq" value="11" />
        <resource type="ioport" value="c300(size=64)" />
        <resource type="memory" value="febf2000-febf2fff" />
       </resources>
      </node>
      <node id="memory" claimed="true" class="memory" handle="PCI:0000:00:05.0">
       <description>RAM memory</description>
       <product>Virtio memory balloon</product>
       <vendor>Red Hat, Inc</vendor>
       <physid>5</physid>
       <businfo>pci@0000:00:05.0</businfo>
       <version>00</version>
       <width units="bits">32</width>
       <clock units="Hz">33000000</clock>
       <configuration>
        <setting id="driver" value="virtio-pci" />
        <setting id="latency" value="0" />
       </configuration>
       <capabilities>
        <capability id="bus_master" >bus mastering</capability>
       </capabilities>
       <resources>
        <resource type="irq" value="10" />
        <resource type="ioport" value="c3a0(size=32)" />
       </resources>
      </node>
      <node id="network:1" claimed="true" class="network" handle="PCI:0000:00:06.0">
       <description>Ethernet interface</description>
       <product>RTL-8100/8101L/8139 PCI Fast Ethernet Adapter</product>
       <vendor>Realtek Semiconductor Co., Ltd.</vendor>
       <physid>6</physid>
       <businfo>pci@0000:00:06.0</businfo>
       <logicalname>eth1</logicalname>
       <version>20</version>
       <serial>66:b3:54:52:d6:00</serial>
       <size units="bit/s">100000000</size>
       <capacity>100000000</capacity>
       <width units="bits">32</width>
       <clock units="Hz">33000000</clock>
       <configuration>
        <setting id="autonegotiation" value="on" />
        <setting id="broadcast" value="yes" />
        <setting id="driver" value="8139cp" />
        <setting id="driverversion" value="1.3" />
        <setting id="duplex" value="full" />
        <setting id="ip" value="10.87.139.5" />
        <setting id="latency" value="0" />
        <setting id="link" value="yes" />
        <setting id="multicast" value="yes" />
        <setting id="port" value="MII" />
        <setting id="speed" value="100Mbit/s" />
       </configuration>
       <capabilities>
        <capability id="bus_master" >bus mastering</capability>
        <capability id="rom" >extension ROM</capability>
        <capability id="ethernet" />
        <capability id="physical" >Physical interface</capability>
        <capability id="tp" >twisted pair</capability>
        <capability id="mii" >Media Independent Interface</capability>
        <capability id="10bt" >10Mbit/s</capability>
        <capability id="10bt-fd" >10Mbit/s (full duplex)</capability>
        <capability id="100bt" >100Mbit/s</capability>
        <capability id="100bt-fd" >100Mbit/s (full duplex)</capability>
        <capability id="autonegotiation" >Auto-negotiation</capability>
       </capabilities>
       <resources>
        <resource type="irq" value="10" />
        <resource type="ioport" value="c100(size=256)" />
        <resource type="memory" value="febf3000-febf30ff" />
        <resource type="memory" value="feba0000-febbffff" />
       </resources>
      </node>
      <node id="network:2" claimed="true" class="network" handle="PCI:0000:00:07.0">
       <description>Ethernet interface</description>
       <product>RTL-8100/8101L/8139 PCI Fast Ethernet Adapter</product>
       <vendor>Realtek Semiconductor Co., Ltd.</vendor>
       <physid>7</physid>
       <businfo>pci@0000:00:07.0</businfo>
       <logicalname>eth2</logicalname>
       <version>20</version>
       <serial>ce:cc:54:52:0e:00</serial>
       <size units="bit/s">100000000</size>
       <capacity>100000000</capacity>
       <width units="bits">32</width>
       <clock units="Hz">33000000</clock>
       <configuration>
        <setting id="autonegotiation" value="on" />
        <setting id="broadcast" value="yes" />
        <setting id="driver" value="8139cp" />
        <setting id="driverversion" value="1.3" />
        <setting id="duplex" value="full" />
        <setting id="ip" value="10.75.139.5" />
        <setting id="latency" value="0" />
        <setting id="link" value="yes" />
        <setting id="multicast" value="yes" />
        <setting id="port" value="MII" />
        <setting id="speed" value="100Mbit/s" />
       </configuration>
       <capabilities>
        <capability id="bus_master" >bus mastering</capability>
        <capability id="rom" >extension ROM</capability>
        <capability id="ethernet" />
        <capability id="physical" >Physical interface</capability>
        <capability id="tp" >twisted pair</capability>
        <capability id="mii" >Media Independent Interface</capability>
        <capability id="10bt" >10Mbit/s</capability>
        <capability id="10bt-fd" >10Mbit/s (full duplex)</capability>
        <capability id="100bt" >100Mbit/s</capability>
        <capability id="100bt-fd" >100Mbit/s (full duplex)</capability>
        <capability id="autonegotiation" >Auto-negotiation</capability>
       </capabilities>
       <resources>
        <resource type="irq" value="11" />
        <resource type="ioport" value="c200(size=256)" />
        <resource type="memory" value="febf4000-febf40ff" />
        <resource type="memory" value="febc0000-febdffff" />
       </resources>
      </node>
      <node id="scsi:1" claimed="true" class="storage" handle="PCI:0000:00:08.0">
       <description>SCSI storage controller</description>
       <product>Virtio block device</product>
       <vendor>Red Hat, Inc</vendor>
       <physid>8</physid>
       <businfo>pci@0000:00:08.0</businfo>
       <version>00</version>
       <width units="bits">32</width>
       <clock units="Hz">33000000</clock>
       <configuration>
        <setting id="driver" value="virtio-pci" />
        <setting id="latency" value="0" />
       </configuration>
       <capabilities>
        <capability id="scsi" />
        <capability id="msix" >MSI-X</capability>
        <capability id="bus_master" >bus mastering</capability>
        <capability id="cap_list" >PCI capabilities listing</capability>
       </capabilities>
       <resources>
        <resource type="irq" value="11" />
        <resource type="ioport" value="c340(size=64)" />
        <resource type="memory" value="febf5000-febf5fff" />
       </resources>
      </node>
    </node>
  </node>
</node>
</list>
