<?xml version="1.0" standalone="yes" ?>
<!-- generated by lshw-B.02.16 -->
<!-- GCC 4.8.4 -->
<!-- Linux 3.13.0-93-generic #140-Ubuntu SMP Mon Jul 18 21:21:05 UTC 2016 x86_64 -->
<!-- GNU libc 2 (glibc 2.19) -->
<list>
<node id="ls42-c1-s3" claimed="true" class="system" handle="DMI:0001">
 <description>System</description>
 <product>BladeCenter LS42 -[7902AC1]- ()</product>
 <vendor>IBM</vendor>
 <serial>7bd2771ca05fa266b2a8fcb4c735ac59</serial>
 <width units="bits">64</width>
 <configuration>
  <setting id="chassis" value="server" />
  <setting id="uuid" value="80DB7C74-6897-B601-E91A-00215E8608D4" />
 </configuration>
 <capabilities>
  <capability id="smbios-2.4" >SMBIOS version 2.4</capability>
  <capability id="dmi-2.4" >DMI version 2.4</capability>
  <capability id="vsyscall32" >32-bit processes</capability>
 </capabilities>
  <node id="core" claimed="true" class="bus" handle="DMI:0002">
   <description>Motherboard</description>
   <product>Server Blade</product>
   <vendor>IBM</vendor>
   <physid>0</physid>
   <slot>Slot05</slot>
    <node id="firmware" claimed="true" class="memory" handle="">
     <description>BIOS</description>
     <vendor>IBM</vendor>
     <physid>0</physid>
     <version>-[L8E163AUS-1.06]-</version>
     <date>06/22/2010</date>
     <size units="bytes">57696</size>
     <capacity units="bytes">4128768</capacity>
     <capabilities>
      <capability id="pci" >PCI bus</capability>
      <capability id="upgrade" >BIOS EEPROM can be upgraded</capability>
      <capability id="shadowing" >BIOS shadowing</capability>
      <capability id="cdboot" >Booting from CD-ROM/DVD</capability>
      <capability id="bootselect" >Selectable boot path</capability>
      <capability id="int13floppynec" >NEC 9800 floppy</capability>
      <capability id="int13floppytoshiba" >Toshiba floppy</capability>
      <capability id="int13floppy360" >5.25&quot; 360KB floppy</capability>
      <capability id="int13floppy1200" >5.25&quot; 1.2MB floppy</capability>
      <capability id="int13floppy720" >3.5&quot; 720KB floppy</capability>
      <capability id="int13floppy2880" >3.5&quot; 2.88MB floppy</capability>
      <capability id="int5printscreen" >Print Screen key</capability>
      <capability id="int9keyboard" >i8042 keyboard controller</capability>
      <capability id="int14serial" >INT14 serial line control</capability>
      <capability id="int17printer" >INT17 printer control</capability>
      <capability id="int10video" >INT10 CGA/Mono video</capability>
      <capability id="acpi" >ACPI</capability>
      <capability id="usb" >USB legacy emulation</capability>
      <capability id="i2oboot" >I2O booting</capability>
      <capability id="netboot" >Function-key initiated network service boot</capability>
     </capabilities>
    </node>
    <node id="cache:0" claimed="true" class="memory" handle="DMI:0004">
     <description>L1 cache</description>
     <physid>4</physid>
     <slot>Internal L1 Cache</slot>
     <size units="bytes">65536</size>
     <capacity units="bytes">65536</capacity>
     <capabilities>
      <capability id="synchronous" >Synchronous</capability>
      <capability id="internal" >Internal</capability>
      <capability id="varies" >Varies With Memory Address</capability>
      <capability id="unified" >Unified cache</capability>
     </capabilities>
    </node>
    <node id="cache:1" claimed="true" class="memory" handle="DMI:0005">
     <description>L2 cache</description>
     <physid>1</physid>
     <slot>Internal L2 Cache</slot>
     <size units="bytes">524288</size>
     <capacity units="bytes">524288</capacity>
     <capabilities>
      <capability id="burst" >Burst</capability>
      <capability id="internal" >Internal</capability>
      <capability id="varies" >Varies With Memory Address</capability>
      <capability id="unified" >Unified cache</capability>
     </capabilities>
    </node>
    <node id="cache:2" claimed="true" class="memory" handle="DMI:0006">
     <description>L3 cache</description>
     <physid>2</physid>
     <slot>Internal L3 Cache</slot>
     <size units="bytes">6291456</size>
     <capacity units="bytes">6291456</capacity>
     <capabilities>
      <capability id="burst" >Burst</capability>
      <capability id="internal" >Internal</capability>
      <capability id="varies" >Varies With Memory Address</capability>
      <capability id="unified" >Unified cache</capability>
     </capabilities>
    </node>
    <node id="cache:3" claimed="true" class="memory" handle="DMI:0007">
     <description>L1 cache</description>
     <physid>3</physid>
     <slot>Internal L1 Cache</slot>
     <size units="bytes">65536</size>
     <capacity units="bytes">65536</capacity>
     <capabilities>
      <capability id="synchronous" >Synchronous</capability>
      <capability id="internal" >Internal</capability>
      <capability id="varies" >Varies With Memory Address</capability>
      <capability id="unified" >Unified cache</capability>
     </capabilities>
    </node>
    <node id="cache:4" claimed="true" class="memory" handle="DMI:0008">
     <description>L2 cache</description>
     <physid>5</physid>
     <slot>Internal L2 Cache</slot>
     <size units="bytes">524288</size>
     <capacity units="bytes">524288</capacity>
     <capabilities>
      <capability id="burst" >Burst</capability>
      <capability id="internal" >Internal</capability>
      <capability id="varies" >Varies With Memory Address</capability>
      <capability id="unified" >Unified cache</capability>
     </capabilities>
    </node>
    <node id="cache:5" claimed="true" class="memory" handle="DMI:0009">
     <description>L3 cache</description>
     <physid>6</physid>
     <slot>Internal L3 Cache</slot>
     <size units="bytes">6291456</size>
     <capacity units="bytes">6291456</capacity>
     <capabilities>
      <capability id="burst" >Burst</capability>
      <capability id="internal" >Internal</capability>
      <capability id="varies" >Varies With Memory Address</capability>
      <capability id="unified" >Unified cache</capability>
     </capabilities>
    </node>
    <node id="cache:6" claimed="true" class="memory" handle="DMI:000A">
     <description>L1 cache</description>
     <physid>d</physid>
     <slot>Internal L1 Cache</slot>
     <size units="bytes">65536</size>
     <capacity units="bytes">65536</capacity>
     <capabilities>
      <capability id="synchronous" >Synchronous</capability>
      <capability id="internal" >Internal</capability>
      <capability id="varies" >Varies With Memory Address</capability>
      <capability id="unified" >Unified cache</capability>
     </capabilities>
    </node>
    <node id="cache:7" claimed="true" class="memory" handle="DMI:000B">
     <description>L2 cache</description>
     <physid>14</physid>
     <slot>Internal L2 Cache</slot>
     <size units="bytes">524288</size>
     <capacity units="bytes">524288</capacity>
     <capabilities>
      <capability id="burst" >Burst</capability>
      <capability id="internal" >Internal</capability>
      <capability id="varies" >Varies With Memory Address</capability>
      <capability id="unified" >Unified cache</capability>
     </capabilities>
    </node>
    <node id="cache:8" claimed="true" class="memory" handle="DMI:000C">
     <description>L3 cache</description>
     <physid>c</physid>
     <slot>Internal L3 Cache</slot>
     <size units="bytes">6291456</size>
     <capacity units="bytes">6291456</capacity>
     <capabilities>
      <capability id="burst" >Burst</capability>
      <capability id="internal" >Internal</capability>
      <capability id="varies" >Varies With Memory Address</capability>
      <capability id="unified" >Unified cache</capability>
     </capabilities>
    </node>
    <node id="cache:9" claimed="true" class="memory" handle="DMI:000D">
     <description>L1 cache</description>
     <physid>15</physid>
     <slot>Internal L1 Cache</slot>
     <size units="bytes">65536</size>
     <capacity units="bytes">65536</capacity>
     <capabilities>
      <capability id="synchronous" >Synchronous</capability>
      <capability id="internal" >Internal</capability>
      <capability id="varies" >Varies With Memory Address</capability>
      <capability id="unified" >Unified cache</capability>
     </capabilities>
    </node>
    <node id="cache:10" claimed="true" class="memory" handle="DMI:000E">
     <description>L2 cache</description>
     <physid>e</physid>
     <slot>Internal L2 Cache</slot>
     <size units="bytes">524288</size>
     <capacity units="bytes">524288</capacity>
     <capabilities>
      <capability id="burst" >Burst</capability>
      <capability id="internal" >Internal</capability>
      <capability id="varies" >Varies With Memory Address</capability>
      <capability id="unified" >Unified cache</capability>
     </capabilities>
    </node>
    <node id="cache:11" claimed="true" class="memory" handle="DMI:000F">
     <description>L3 cache</description>
     <physid>f</physid>
     <slot>Internal L3 Cache</slot>
     <size units="bytes">6291456</size>
     <capacity units="bytes">6291456</capacity>
     <capabilities>
      <capability id="burst" >Burst</capability>
      <capability id="internal" >Internal</capability>
      <capability id="varies" >Varies With Memory Address</capability>
      <capability id="unified" >Unified cache</capability>
     </capabilities>
    </node>
    <node id="cpu:0" claimed="true" class="processor" handle="DMI:0010">
     <description>CPU</description>
     <product>Quad-Core AMD Opteron(tm) Processor 8384</product>
     <vendor>Advanced Micro Devices [AMD]</vendor>
     <physid>10</physid>
     <businfo>cpu@0</businfo>
     <version>AMD Opteron</version>
     <slot>Board 1 : Package 1</slot>
     <size units="Hz">2700000000</size>
     <capacity units="Hz">2700000000</capacity>
     <width units="bits">64</width>
     <clock units="Hz">200000000</clock>
     <configuration>
      <setting id="cores" value="4" />
      <setting id="enabledcores" value="4" />
      <setting id="threads" value="4" />
     </configuration>
     <capabilities>
      <capability id="x86-64" >64bits extensions (x86-64)</capability>
      <capability id="fpu" >mathematical co-processor</capability>
      <capability id="fpu_exception" >FPU exceptions reporting</capability>
      <capability id="wp" />
      <capability id="vme" >virtual mode extensions</capability>
      <capability id="de" >debugging extensions</capability>
      <capability id="pse" >page size extensions</capability>
      <capability id="tsc" >time stamp counter</capability>
      <capability id="msr" >model-specific registers</capability>
      <capability id="pae" >4GB+ memory addressing (Physical Address Extension)</capability>
      <capability id="mce" >machine check exceptions</capability>
      <capability id="cx8" >compare and exchange 8-byte</capability>
      <capability id="apic" >on-chip advanced programmable interrupt controller (APIC)</capability>
      <capability id="sep" >fast system calls</capability>
      <capability id="mtrr" >memory type range registers</capability>
      <capability id="pge" >page global enable</capability>
      <capability id="mca" >machine check architecture</capability>
      <capability id="cmov" >conditional move instruction</capability>
      <capability id="pat" >page attribute table</capability>
      <capability id="pse36" >36-bit page size extensions</capability>
      <capability id="clflush" />
      <capability id="mmx" >multimedia extensions (MMX)</capability>
      <capability id="fxsr" >fast floating point save/restore</capability>
      <capability id="sse" >streaming SIMD extensions (SSE)</capability>
      <capability id="sse2" >streaming SIMD extensions (SSE2)</capability>
      <capability id="ht" >HyperThreading</capability>
      <capability id="syscall" >fast system calls</capability>
      <capability id="nx" >no-execute bit (NX)</capability>
      <capability id="mmxext" >multimedia extensions (MMXExt)</capability>
      <capability id="fxsr_opt" />
      <capability id="pdpe1gb" />
      <capability id="rdtscp" />
      <capability id="3dnowext" >multimedia extensions (3DNow!Ext)</capability>
      <capability id="3dnow" >multimedia extensions (3DNow!)</capability>
      <capability id="constant_tsc" />
      <capability id="rep_good" />
      <capability id="nopl" />
      <capability id="nonstop_tsc" />
      <capability id="extd_apicid" />
      <capability id="pni" />
      <capability id="monitor" />
      <capability id="cx16" />
      <capability id="popcnt" />
      <capability id="lahf_lm" />
      <capability id="cmp_legacy" />
      <capability id="svm" />
      <capability id="extapic" />
      <capability id="cr8_legacy" />
      <capability id="abm" />
      <capability id="sse4a" />
      <capability id="misalignsse" />
      <capability id="3dnowprefetch" />
      <capability id="osvw" />
      <capability id="ibs" />
      <capability id="skinit" />
      <capability id="wdt" />
      <capability id="hw_pstate" />
      <capability id="npt" />
      <capability id="lbrv" />
      <capability id="svm_lock" />
      <capability id="nrip_save" />
      <capability id="vmmcall" />
      <capability id="cpufreq" >CPU Frequency scaling</capability>
     </capabilities>
    </node>
    <node id="cpu:1" claimed="true" class="processor" handle="DMI:0011">
     <description>CPU</description>
     <product>Quad-Core AMD Opteron(tm) Processor 8384</product>
     <vendor>Advanced Micro Devices [AMD]</vendor>
     <physid>11</physid>
     <businfo>cpu@1</businfo>
     <version>AMD Opteron</version>
     <slot>Board 1 : Package 2</slot>
     <size units="Hz">800000000</size>
     <capacity units="Hz">2700000000</capacity>
     <width units="bits">64</width>
     <clock units="Hz">200000000</clock>
     <configuration>
      <setting id="cores" value="4" />
      <setting id="enabledcores" value="4" />
      <setting id="threads" value="4" />
     </configuration>
     <capabilities>
      <capability id="x86-64" >64bits extensions (x86-64)</capability>
      <capability id="fpu" >mathematical co-processor</capability>
      <capability id="fpu_exception" >FPU exceptions reporting</capability>
      <capability id="wp" />
      <capability id="vme" >virtual mode extensions</capability>
      <capability id="de" >debugging extensions</capability>
      <capability id="pse" >page size extensions</capability>
      <capability id="tsc" >time stamp counter</capability>
      <capability id="msr" >model-specific registers</capability>
      <capability id="pae" >4GB+ memory addressing (Physical Address Extension)</capability>
      <capability id="mce" >machine check exceptions</capability>
      <capability id="cx8" >compare and exchange 8-byte</capability>
      <capability id="apic" >on-chip advanced programmable interrupt controller (APIC)</capability>
      <capability id="sep" >fast system calls</capability>
      <capability id="mtrr" >memory type range registers</capability>
      <capability id="pge" >page global enable</capability>
      <capability id="mca" >machine check architecture</capability>
      <capability id="cmov" >conditional move instruction</capability>
      <capability id="pat" >page attribute table</capability>
      <capability id="pse36" >36-bit page size extensions</capability>
      <capability id="clflush" />
      <capability id="mmx" >multimedia extensions (MMX)</capability>
      <capability id="fxsr" >fast floating point save/restore</capability>
      <capability id="sse" >streaming SIMD extensions (SSE)</capability>
      <capability id="sse2" >streaming SIMD extensions (SSE2)</capability>
      <capability id="ht" >HyperThreading</capability>
      <capability id="syscall" >fast system calls</capability>
      <capability id="nx" >no-execute bit (NX)</capability>
      <capability id="mmxext" >multimedia extensions (MMXExt)</capability>
      <capability id="fxsr_opt" />
      <capability id="pdpe1gb" />
      <capability id="rdtscp" />
      <capability id="3dnowext" >multimedia extensions (3DNow!Ext)</capability>
      <capability id="3dnow" >multimedia extensions (3DNow!)</capability>
      <capability id="constant_tsc" />
      <capability id="rep_good" />
      <capability id="nopl" />
      <capability id="nonstop_tsc" />
      <capability id="extd_apicid" />
      <capability id="pni" />
      <capability id="monitor" />
      <capability id="cx16" />
      <capability id="popcnt" />
      <capability id="lahf_lm" />
      <capability id="cmp_legacy" />
      <capability id="svm" />
      <capability id="extapic" />
      <capability id="cr8_legacy" />
      <capability id="abm" />
      <capability id="sse4a" />
      <capability id="misalignsse" />
      <capability id="3dnowprefetch" />
      <capability id="osvw" />
      <capability id="ibs" />
      <capability id="skinit" />
      <capability id="wdt" />
      <capability id="hw_pstate" />
      <capability id="npt" />
      <capability id="lbrv" />
      <capability id="svm_lock" />
      <capability id="nrip_save" />
      <capability id="vmmcall" />
      <capability id="cpufreq" >CPU Frequency scaling</capability>
     </capabilities>
    </node>
    <node id="cpu:2" claimed="true" class="processor" handle="DMI:0012">
     <description>CPU</description>
     <product>Quad-Core AMD Opteron(tm) Processor 8384</product>
     <vendor>Advanced Micro Devices [AMD]</vendor>
     <physid>12</physid>
     <businfo>cpu@2</businfo>
     <version>AMD Opteron</version>
     <slot>Board 2 : Package 1</slot>
     <size units="Hz">800000000</size>
     <capacity units="Hz">2700000000</capacity>
     <width units="bits">64</width>
     <clock units="Hz">200000000</clock>
     <configuration>
      <setting id="cores" value="4" />
      <setting id="enabledcores" value="4" />
      <setting id="threads" value="4" />
     </configuration>
     <capabilities>
      <capability id="x86-64" >64bits extensions (x86-64)</capability>
      <capability id="fpu" >mathematical co-processor</capability>
      <capability id="fpu_exception" >FPU exceptions reporting</capability>
      <capability id="wp" />
      <capability id="vme" >virtual mode extensions</capability>
      <capability id="de" >debugging extensions</capability>
      <capability id="pse" >page size extensions</capability>
      <capability id="tsc" >time stamp counter</capability>
      <capability id="msr" >model-specific registers</capability>
      <capability id="pae" >4GB+ memory addressing (Physical Address Extension)</capability>
      <capability id="mce" >machine check exceptions</capability>
      <capability id="cx8" >compare and exchange 8-byte</capability>
      <capability id="apic" >on-chip advanced programmable interrupt controller (APIC)</capability>
      <capability id="sep" >fast system calls</capability>
      <capability id="mtrr" >memory type range registers</capability>
      <capability id="pge" >page global enable</capability>
      <capability id="mca" >machine check architecture</capability>
      <capability id="cmov" >conditional move instruction</capability>
      <capability id="pat" >page attribute table</capability>
      <capability id="pse36" >36-bit page size extensions</capability>
      <capability id="clflush" />
      <capability id="mmx" >multimedia extensions (MMX)</capability>
      <capability id="fxsr" >fast floating point save/restore</capability>
      <capability id="sse" >streaming SIMD extensions (SSE)</capability>
      <capability id="sse2" >streaming SIMD extensions (SSE2)</capability>
      <capability id="ht" >HyperThreading</capability>
      <capability id="syscall" >fast system calls</capability>
      <capability id="nx" >no-execute bit (NX)</capability>
      <capability id="mmxext" >multimedia extensions (MMXExt)</capability>
      <capability id="fxsr_opt" />
      <capability id="pdpe1gb" />
      <capability id="rdtscp" />
      <capability id="3dnowext" >multimedia extensions (3DNow!Ext)</capability>
      <capability id="3dnow" >multimedia extensions (3DNow!)</capability>
      <capability id="constant_tsc" />
      <capability id="rep_good" />
      <capability id="nopl" />
      <capability id="nonstop_tsc" />
      <capability id="extd_apicid" />
      <capability id="pni" />
      <capability id="monitor" />
      <capability id="cx16" />
      <capability id="popcnt" />
      <capability id="lahf_lm" />
      <capability id="cmp_legacy" />
      <capability id="svm" />
      <capability id="extapic" />
      <capability id="cr8_legacy" />
      <capability id="abm" />
      <capability id="sse4a" />
      <capability id="misalignsse" />
      <capability id="3dnowprefetch" />
      <capability id="osvw" />
      <capability id="ibs" />
      <capability id="skinit" />
      <capability id="wdt" />
      <capability id="hw_pstate" />
      <capability id="npt" />
      <capability id="lbrv" />
      <capability id="svm_lock" />
      <capability id="nrip_save" />
      <capability id="vmmcall" />
      <capability id="cpufreq" >CPU Frequency scaling</capability>
     </capabilities>
    </node>
    <node id="cpu:3" claimed="true" class="processor" handle="DMI:0013">
     <description>CPU</description>
     <product>Quad-Core AMD Opteron(tm) Processor 8384</product>
     <vendor>Advanced Micro Devices [AMD]</vendor>
     <physid>13</physid>
     <businfo>cpu@3</businfo>
     <version>AMD Opteron</version>
     <slot>Board 2 : Package 2</slot>
     <size units="Hz">800000000</size>
     <capacity units="Hz">2700000000</capacity>
     <width units="bits">64</width>
     <clock units="Hz">200000000</clock>
     <configuration>
      <setting id="cores" value="4" />
      <setting id="enabledcores" value="4" />
      <setting id="threads" value="4" />
     </configuration>
     <capabilities>
      <capability id="x86-64" >64bits extensions (x86-64)</capability>
      <capability id="fpu" >mathematical co-processor</capability>
      <capability id="fpu_exception" >FPU exceptions reporting</capability>
      <capability id="wp" />
      <capability id="vme" >virtual mode extensions</capability>
      <capability id="de" >debugging extensions</capability>
      <capability id="pse" >page size extensions</capability>
      <capability id="tsc" >time stamp counter</capability>
      <capability id="msr" >model-specific registers</capability>
      <capability id="pae" >4GB+ memory addressing (Physical Address Extension)</capability>
      <capability id="mce" >machine check exceptions</capability>
      <capability id="cx8" >compare and exchange 8-byte</capability>
      <capability id="apic" >on-chip advanced programmable interrupt controller (APIC)</capability>
      <capability id="sep" >fast system calls</capability>
      <capability id="mtrr" >memory type range registers</capability>
      <capability id="pge" >page global enable</capability>
      <capability id="mca" >machine check architecture</capability>
      <capability id="cmov" >conditional move instruction</capability>
      <capability id="pat" >page attribute table</capability>
      <capability id="pse36" >36-bit page size extensions</capability>
      <capability id="clflush" />
      <capability id="mmx" >multimedia extensions (MMX)</capability>
      <capability id="fxsr" >fast floating point save/restore</capability>
      <capability id="sse" >streaming SIMD extensions (SSE)</capability>
      <capability id="sse2" >streaming SIMD extensions (SSE2)</capability>
      <capability id="ht" >HyperThreading</capability>
      <capability id="syscall" >fast system calls</capability>
      <capability id="nx" >no-execute bit (NX)</capability>
      <capability id="mmxext" >multimedia extensions (MMXExt)</capability>
      <capability id="fxsr_opt" />
      <capability id="pdpe1gb" />
      <capability id="rdtscp" />
      <capability id="3dnowext" >multimedia extensions (3DNow!Ext)</capability>
      <capability id="3dnow" >multimedia extensions (3DNow!)</capability>
      <capability id="constant_tsc" />
      <capability id="rep_good" />
      <capability id="nopl" />
      <capability id="nonstop_tsc" />
      <capability id="extd_apicid" />
      <capability id="pni" />
      <capability id="monitor" />
      <capability id="cx16" />
      <capability id="popcnt" />
      <capability id="lahf_lm" />
      <capability id="cmp_legacy" />
      <capability id="svm" />
      <capability id="extapic" />
      <capability id="cr8_legacy" />
      <capability id="abm" />
      <capability id="sse4a" />
      <capability id="misalignsse" />
      <capability id="3dnowprefetch" />
      <capability id="osvw" />
      <capability id="ibs" />
      <capability id="skinit" />
      <capability id="wdt" />
      <capability id="hw_pstate" />
      <capability id="npt" />
      <capability id="lbrv" />
      <capability id="svm_lock" />
      <capability id="nrip_save" />
      <capability id="vmmcall" />
      <capability id="cpufreq" >CPU Frequency scaling</capability>
     </capabilities>
    </node>
    <node id="memory" claimed="true" class="memory" handle="DMI:001B">
     <description>System Memory</description>
     <physid>1b</physid>
     <slot>System board or motherboard</slot>
     <size units="bytes">137438953472</size>
      <node id="bank:0" claimed="true" class="memory" handle="DMI:001C">
       <description>DIMM DDR2 Synchronous 533 MHz (1.9 ns)</description>
       <product>72HVQ1G72PY-667E1</product>
       <vendor>Micron</vendor>
       <physid>0</physid>
       <serial>0696a163debee9adab5f3c33453f70e1</serial>
       <slot>DIMM1</slot>
       <size units="bytes">8589934592</size>
       <width units="bits">64</width>
       <clock units="Hz">533000000</clock>
      </node>
      <node id="bank:1" claimed="true" class="memory" handle="DMI:001D">
       <description>DIMM DDR2 Synchronous 533 MHz (1.9 ns)</description>
       <product>72HVQ1G72PY-667E1</product>
       <vendor>Micron</vendor>
       <physid>1</physid>
       <serial>ff30f69d8362d6ef08b00fc62c45f22d</serial>
       <slot>DIMM2</slot>
       <size units="bytes">8589934592</size>
       <width units="bits">64</width>
       <clock units="Hz">533000000</clock>
      </node>
      <node id="bank:2" claimed="true" class="memory" handle="DMI:001E">
       <description>DIMM DDR2 Synchronous 533 MHz (1.9 ns)</description>
       <product>72HVQ1G72PY-667E1</product>
       <vendor>Micron</vendor>
       <physid>2</physid>
       <serial>6416899f11086b3974a388e68e29fc8c</serial>
       <slot>DIMM3</slot>
       <size units="bytes">8589934592</size>
       <width units="bits">64</width>
       <clock units="Hz">533000000</clock>
      </node>
      <node id="bank:3" claimed="true" class="memory" handle="DMI:001F">
       <description>DIMM DDR2 Synchronous 533 MHz (1.9 ns)</description>
       <product>72HVQ1G72PY-667E1</product>
       <vendor>Micron</vendor>
       <physid>3</physid>
       <serial>c13a0c35dd04e70f34aad054d74da4f4</serial>
       <slot>DIMM4</slot>
       <size units="bytes">8589934592</size>
       <width units="bits">64</width>
       <clock units="Hz">533000000</clock>
      </node>
      <node id="bank:4" claimed="true" class="memory" handle="DMI:0020">
       <description>DIMM DDR2 Synchronous 533 MHz (1.9 ns)</description>
       <product>72HVQ1G72PY-667E1</product>
       <vendor>Micron</vendor>
       <physid>4</physid>
       <serial>78df7dfe2a262507cbab446f43b55097</serial>
       <slot>DIMM5</slot>
       <size units="bytes">8589934592</size>
       <width units="bits">64</width>
       <clock units="Hz">533000000</clock>
      </node>
      <node id="bank:5" claimed="true" class="memory" handle="DMI:0021">
       <description>DIMM DDR2 Synchronous 533 MHz (1.9 ns)</description>
       <product>72HVQ1G72PY-667E1</product>
       <vendor>Micron</vendor>
       <physid>5</physid>
       <serial>887e7969eb284c6726ecd0849610a7f4</serial>
       <slot>DIMM6</slot>
       <size units="bytes">8589934592</size>
       <width units="bits">64</width>
       <clock units="Hz">533000000</clock>
      </node>
      <node id="bank:6" claimed="true" class="memory" handle="DMI:0022">
       <description>DIMM DDR2 Synchronous 533 MHz (1.9 ns)</description>
       <product>72HVQ1G72PY-667E1</product>
       <vendor>Micron</vendor>
       <physid>6</physid>
       <serial>1790f2805f7a3913137401b078b29b79</serial>
       <slot>DIMM7</slot>
       <size units="bytes">8589934592</size>
       <width units="bits">64</width>
       <clock units="Hz">533000000</clock>
      </node>
      <node id="bank:7" claimed="true" class="memory" handle="DMI:0023">
       <description>DIMM DDR2 Synchronous 533 MHz (1.9 ns)</description>
       <product>72HVQ1G72PY-667E1</product>
       <vendor>Micron</vendor>
       <physid>7</physid>
       <serial>29b2dbd811e58075e01dab5223101bce</serial>
       <slot>DIMM8</slot>
       <size units="bytes">8589934592</size>
       <width units="bits">64</width>
       <clock units="Hz">533000000</clock>
      </node>
      <node id="bank:8" claimed="true" class="memory" handle="DMI:0024">
       <description>DIMM DDR2 Synchronous 533 MHz (1.9 ns)</description>
       <product>72HVQ1G72PY-667E1</product>
       <vendor>Micron</vendor>
       <physid>8</physid>
       <serial>fc53783840711078ce9c93a70a43b38d</serial>
       <slot>DIMM9</slot>
       <size units="bytes">8589934592</size>
       <width units="bits">64</width>
       <clock units="Hz">533000000</clock>
      </node>
      <node id="bank:9" claimed="true" class="memory" handle="DMI:0025">
       <description>DIMM DDR2 Synchronous 533 MHz (1.9 ns)</description>
       <product>72HVQ1G72PY-667E1</product>
       <vendor>Micron</vendor>
       <physid>9</physid>
       <serial>cbd8580166d72d6af89c784bb28702a8</serial>
       <slot>DIMM10</slot>
       <size units="bytes">8589934592</size>
       <width units="bits">64</width>
       <clock units="Hz">533000000</clock>
      </node>
      <node id="bank:10" claimed="true" class="memory" handle="DMI:0026">
       <description>DIMM DDR2 Synchronous 533 MHz (1.9 ns)</description>
       <product>72HVQ1G72PY-667E1</product>
       <vendor>Micron</vendor>
       <physid>a</physid>
       <serial>aa5a0fe59f6d02ee4a1be4f2a33cfce3</serial>
       <slot>DIMM11</slot>
       <size units="bytes">8589934592</size>
       <width units="bits">64</width>
       <clock units="Hz">533000000</clock>
      </node>
      <node id="bank:11" claimed="true" class="memory" handle="DMI:0027">
       <description>DIMM DDR2 Synchronous 533 MHz (1.9 ns)</description>
       <product>72HVQ1G72PY-667E1</product>
       <vendor>Micron</vendor>
       <physid>b</physid>
       <serial>4aec71bde9653e36beaebf30ec9df2cf</serial>
       <slot>DIMM12</slot>
       <size units="bytes">8589934592</size>
       <width units="bits">64</width>
       <clock units="Hz">533000000</clock>
      </node>
      <node id="bank:12" claimed="true" class="memory" handle="DMI:0028">
       <description>DIMM DDR2 Synchronous 533 MHz (1.9 ns)</description>
       <product>72HVQ1G72PY-667E1</product>
       <vendor>Micron</vendor>
       <physid>c</physid>
       <serial>62474fc4d217357d0542021b06210245</serial>
       <slot>DIMM13</slot>
       <size units="bytes">8589934592</size>
       <width units="bits">64</width>
       <clock units="Hz">533000000</clock>
      </node>
      <node id="bank:13" claimed="true" class="memory" handle="DMI:0029">
       <description>DIMM DDR2 Synchronous 533 MHz (1.9 ns)</description>
       <product>72HVQ1G72PY-667E1</product>
       <vendor>Micron</vendor>
       <physid>d</physid>
       <serial>618c2030f58e1b5c6de926ada6f75b00</serial>
       <slot>DIMM14</slot>
       <size units="bytes">8589934592</size>
       <width units="bits">64</width>
       <clock units="Hz">533000000</clock>
      </node>
      <node id="bank:14" claimed="true" class="memory" handle="DMI:002A">
       <description>DIMM DDR2 Synchronous 533 MHz (1.9 ns)</description>
       <product>72HVQ1G72PY-667E1</product>
       <vendor>Micron</vendor>
       <physid>e</physid>
       <serial>374f90bf27f5715fe7437510c3fc8877</serial>
       <slot>DIMM15</slot>
       <size units="bytes">8589934592</size>
       <width units="bits">64</width>
       <clock units="Hz">533000000</clock>
      </node>
      <node id="bank:15" claimed="true" class="memory" handle="DMI:002B">
       <description>DIMM DDR2 Synchronous 533 MHz (1.9 ns)</description>
       <product>72HVQ1G72PY-667E1</product>
       <vendor>Micron</vendor>
       <physid>f</physid>
       <serial>29f7ddb3088d0dfcf1be153760f37145</serial>
       <slot>DIMM16</slot>
       <size units="bytes">8589934592</size>
       <width units="bits">64</width>
       <clock units="Hz">533000000</clock>
      </node>
    </node>
    <node id="display" claimed="true" class="display" handle="PCI:0000:00:05.0">
     <description>VGA compatible controller</description>
     <product>ES1000</product>
     <vendor>Advanced Micro Devices, Inc. [AMD/ATI]</vendor>
     <physid>16</physid>
     <businfo>pci@0000:00:05.0</businfo>
     <version>02</version>
     <width units="bits">32</width>
     <clock units="Hz">33000000</clock>
     <configuration>
      <setting id="driver" value="radeon" />
      <setting id="latency" value="64" />
      <setting id="mingnt" value="8" />
     </configuration>
     <capabilities>
      <capability id="pm" >Power Management</capability>
      <capability id="vga_controller" />
      <capability id="bus_master" >bus mastering</capability>
      <capability id="cap_list" >PCI capabilities listing</capability>
      <capability id="rom" >extension ROM</capability>
     </capabilities>
     <resources>
      <resource type="irq" value="16" />
      <resource type="memory" value="e8000000-efffffff" />
      <resource type="ioport" value="3000(size=256)" />
      <resource type="memory" value="f3ff0000-f3ffffff" />
      <resource type="memory" value="d5600000-d561ffff" />
     </resources>
    </node>
    <node id="pci:0" claimed="true" class="bridge" handle="PCIBUS:0000:01">
     <description>PCI bridge</description>
     <product>HT2100 PCI-Express Bridge</product>
     <vendor>Broadcom</vendor>
     <physid>100</physid>
     <businfo>pci@0000:00:07.0</businfo>
     <version>a2</version>
     <width units="bits">32</width>
     <clock units="Hz">33000000</clock>
     <configuration>
      <setting id="driver" value="pcieport" />
     </configuration>
     <capabilities>
      <capability id="pci" />
      <capability id="ht" >HyperTransport</capability>
      <capability id="pciexpress" >PCI Express</capability>
      <capability id="pm" >Power Management</capability>
      <capability id="msi" >Message Signalled Interrupts</capability>
      <capability id="normal_decode" />
      <capability id="bus_master" >bus mastering</capability>
      <capability id="cap_list" >PCI capabilities listing</capability>
     </capabilities>
     <resources>
      <resource type="irq" value="19" />
      <resource type="ioport" value="4000(size=4096)" />
      <resource type="memory" value="de000000-e70fffff" />
      <resource type="ioport" value="d5000000(size=6291456)" />
     </resources>
      <node id="pci" claimed="true" class="bridge" handle="PCIBUS:0000:02">
       <description>PCI bridge</description>
       <product>PEX 8518 16-lane, 5-port PCI Express Switch</product>
       <vendor>PLX Technology, Inc.</vendor>
       <physid>0</physid>
       <businfo>pci@0000:01:00.0</businfo>
       <version>ac</version>
       <width units="bits">32</width>
       <clock units="Hz">33000000</clock>
       <configuration>
        <setting id="driver" value="pcieport" />
       </configuration>
       <capabilities>
        <capability id="pci" />
        <capability id="pm" >Power Management</capability>
        <capability id="msi" >Message Signalled Interrupts</capability>
        <capability id="pciexpress" >PCI Express</capability>
        <capability id="normal_decode" />
        <capability id="bus_master" >bus mastering</capability>
        <capability id="cap_list" >PCI capabilities listing</capability>
       </capabilities>
       <resources>
        <resource type="irq" value="48" />
        <resource type="memory" value="e7000000-e701ffff" />
        <resource type="ioport" value="4000(size=4096)" />
        <resource type="memory" value="de000000-e50fffff" />
        <resource type="ioport" value="d5000000(size=6291456)" />
       </resources>
        <node id="pci:0" claimed="true" class="bridge" handle="PCIBUS:0000:03">
         <description>PCI bridge</description>
         <product>PEX 8518 16-lane, 5-port PCI Express Switch</product>
         <vendor>PLX Technology, Inc.</vendor>
         <physid>1</physid>
         <businfo>pci@0000:02:01.0</businfo>
         <version>ac</version>
         <width units="bits">32</width>
         <clock units="Hz">33000000</clock>
         <configuration>
          <setting id="driver" value="pcieport" />
         </configuration>
         <capabilities>
          <capability id="pci" />
          <capability id="pm" >Power Management</capability>
          <capability id="msi" >Message Signalled Interrupts</capability>
          <capability id="pciexpress" >PCI Express</capability>
          <capability id="normal_decode" />
          <capability id="bus_master" >bus mastering</capability>
          <capability id="cap_list" >PCI capabilities listing</capability>
         </capabilities>
         <resources>
          <resource type="irq" value="49" />
          <resource type="ioport" value="4000(size=4096)" />
          <resource type="memory" value="e4000000-e50fffff" />
          <resource type="ioport" value="d5000000(size=4194304)" />
         </resources>
          <node id="scsi" claimed="true" class="storage" handle="SCSI:00">
           <description>SCSI storage controller</description>
           <product>SAS1064ET PCI-Express Fusion-MPT SAS</product>
           <vendor>LSI Logic / Symbios Logic</vendor>
           <physid>0</physid>
           <businfo>pci@0000:03:00.0</businfo>
           <logicalname>scsi0</logicalname>
           <version>02</version>
           <width units="bits">64</width>
           <clock units="Hz">33000000</clock>
           <configuration>
            <setting id="driver" value="mptsas" />
            <setting id="latency" value="0" />
           </configuration>
           <capabilities>
            <capability id="scsi" />
            <capability id="pm" >Power Management</capability>
            <capability id="pciexpress" >PCI Express</capability>
            <capability id="msi" >Message Signalled Interrupts</capability>
            <capability id="msix" >MSI-X</capability>
            <capability id="bus_master" >bus mastering</capability>
            <capability id="cap_list" >PCI capabilities listing</capability>
            <capability id="rom" >extension ROM</capability>
            <capability id="scsi-host" >SCSI host adapter</capability>
           </capabilities>
           <resources>
            <resource type="irq" value="19" />
            <resource type="ioport" value="4000(size=256)" />
            <resource type="memory" value="e5010000-e5013fff" />
            <resource type="memory" value="e5000000-e500ffff" />
            <resource type="memory" value="d5000000-d51fffff" />
           </resources>
            <node id="disk:0" class="disk" handle="SCSI:00:00:00:00">
             <description>SCSI Disk</description>
             <physid>0.0.0</physid>
             <businfo>scsi@0:0.0.0</businfo>
            </node>
            <node id="disk:1" class="disk" handle="SCSI:00:00:01:00">
             <description>SCSI Disk</description>
             <physid>0.1.0</physid>
             <businfo>scsi@0:0.1.0</businfo>
            </node>
            <node id="disk:2" claimed="true" class="disk" handle="SCSI:00:01:03:00">
             <description>SCSI Disk</description>
             <product>Logical Volume</product>
             <vendor>LSILOGIC</vendor>
             <physid>1.3.0</physid>
             <businfo>scsi@0:1.3.0</businfo>
             <logicalname>/dev/sda</logicalname>
             <dev>8:0</dev>
             <version>3000</version>
             <size units="bytes">597998698496</size>
             <capacity units="bytes">597998698496</capacity>
             <configuration>
              <setting id="ansiversion" value="2" />
              <setting id="sectorsize" value="512" />
              <setting id="signature" value="000567ca" />
             </configuration>
             <capabilities>
              <capability id="15000rpm" >15000 rotations per minute</capability>
              <capability id="partitioned" >Partitioned disk</capability>
              <capability id="partitioned:dos" >MS-DOS partition table</capability>
             </capabilities>
              <node id="volume:0" claimed="true" class="volume" handle="">
               <description>EXT4 volume</description>
               <vendor>Linux</vendor>
               <physid>1</physid>
               <businfo>scsi@0:1.3.0,1</businfo>
               <logicalname>/dev/sda1</logicalname>
               <logicalname>/</logicalname>
               <dev>8:1</dev>
               <version>1.0</version>
               <serial>512dd87cb5976875b89d837c74a256dd</serial>
               <size units="bytes">595996966912</size>
               <capacity>595996966912</capacity>
               <configuration>
                <setting id="created" value="2016-08-27 05:01:28" />
                <setting id="filesystem" value="ext4" />
                <setting id="lastmountpoint" value="/" />
                <setting id="modified" value="2017-05-23 22:22:14" />
                <setting id="mount.fstype" value="ext4" />
                <setting id="mount.options" value="rw,relatime,errors=remount-ro,data=ordered" />
                <setting id="mounted" value="2017-05-23 22:22:14" />
                <setting id="state" value="mounted" />
               </configuration>
               <capabilities>
                <capability id="primary" >Primary partition</capability>
                <capability id="bootable" >Bootable partition (active)</capability>
                <capability id="journaled" />
                <capability id="extended_attributes" >Extended Attributes</capability>
                <capability id="large_files" >4GB+ files</capability>
                <capability id="huge_files" >16TB+ files</capability>
                <capability id="dir_nlink" >directories with 65000+ subdirs</capability>
                <capability id="recover" >needs recovery</capability>
                <capability id="extents" >extent-based allocation</capability>
                <capability id="ext4" />
                <capability id="ext2" >EXT2/EXT3</capability>
                <capability id="initialized" >initialized volume</capability>
               </capabilities>
              </node>
              <node id="volume:1" claimed="true" class="volume" handle="">
               <description>Extended partition</description>
               <physid>2</physid>
               <businfo>scsi@0:1.3.0,2</businfo>
               <logicalname>/dev/sda2</logicalname>
               <dev>8:2</dev>
               <size units="bytes">1998586880</size>
               <capacity>1998586880</capacity>
               <capabilities>
                <capability id="primary" >Primary partition</capability>
                <capability id="extended" >Extended partition</capability>
                <capability id="partitioned" >Partitioned disk</capability>
                <capability id="partitioned:extended" >Extended partition</capability>
               </capabilities>
                <node id="logicalvolume" claimed="true" class="volume" handle="">
                 <description>Linux swap / Solaris partition</description>
                 <physid>5</physid>
                 <logicalname>/dev/sda5</logicalname>
                 <dev>8:5</dev>
                 <capacity>1998585856</capacity>
                 <capabilities>
                  <capability id="nofs" >No filesystem</capability>
                 </capabilities>
                </node>
              </node>
            </node>
          </node>
        </node>
        <node id="pci:1" claimed="true" class="bridge" handle="PCIBUS:0000:04">
         <description>PCI bridge</description>
         <product>PEX 8518 16-lane, 5-port PCI Express Switch</product>
         <vendor>PLX Technology, Inc.</vendor>
         <physid>2</physid>
         <businfo>pci@0000:02:02.0</businfo>
         <version>ac</version>
         <width units="bits">32</width>
         <clock units="Hz">33000000</clock>
         <configuration>
          <setting id="driver" value="pcieport" />
         </configuration>
         <capabilities>
          <capability id="pci" />
          <capability id="pm" >Power Management</capability>
          <capability id="msi" >Message Signalled Interrupts</capability>
          <capability id="pciexpress" >PCI Express</capability>
          <capability id="normal_decode" />
          <capability id="bus_master" >bus mastering</capability>
          <capability id="cap_list" >PCI capabilities listing</capability>
         </capabilities>
         <resources>
          <resource type="irq" value="50" />
          <resource type="memory" value="de000000-e2ffffff" />
          <resource type="ioport" value="d5400000(size=2097152)" />
         </resources>
          <node id="network:0" claimed="true" class="network" handle="PCI:0000:04:00.0">
           <description>Ethernet interface</description>
           <product>NetXtreme II BCM5709S Gigabit Ethernet</product>
           <vendor>Broadcom Corporation</vendor>
           <physid>0</physid>
           <businfo>pci@0000:04:00.0</businfo>
           <logicalname>eth0</logicalname>
           <version>20</version>
           <serial>08:86:21:00:d4:5e</serial>
           <size units="bit/s">1000000000</size>
           <capacity>1000000000</capacity>
           <width units="bits">64</width>
           <clock units="Hz">33000000</clock>
           <configuration>
            <setting id="autonegotiation" value="on" />
            <setting id="broadcast" value="yes" />
            <setting id="driver" value="bnx2" />
            <setting id="driverversion" value="2.2.4" />
            <setting id="duplex" value="full" />
            <setting id="firmware" value="bc 5.0.6 IPMI 1.0.0" />
            <setting id="ip" value="10.75.11.3" />
            <setting id="latency" value="0" />
            <setting id="link" value="yes" />
            <setting id="multicast" value="yes" />
            <setting id="port" value="fibre" />
            <setting id="speed" value="1Gbit/s" />
           </configuration>
           <capabilities>
            <capability id="pm" >Power Management</capability>
            <capability id="vpd" >Vital Product Data</capability>
            <capability id="msi" >Message Signalled Interrupts</capability>
            <capability id="msix" >MSI-X</capability>
            <capability id="pciexpress" >PCI Express</capability>
            <capability id="bus_master" >bus mastering</capability>
            <capability id="cap_list" >PCI capabilities listing</capability>
            <capability id="ethernet" />
            <capability id="physical" >Physical interface</capability>
            <capability id="fibre" >optical fibre</capability>
            <capability id="1000bt-fd" >1Gbit/s (full duplex)</capability>
            <capability id="autonegotiation" >Auto-negotiation</capability>
           </capabilities>
           <resources>
            <resource type="irq" value="19" />
            <resource type="memory" value="de000000-dfffffff" />
           </resources>
          </node>
          <node id="network:1" disabled="true" claimed="true" class="network" handle="PCI:0000:04:00.1">
           <description>Ethernet interface</description>
           <product>NetXtreme II BCM5709S Gigabit Ethernet</product>
           <vendor>Broadcom Corporation</vendor>
           <physid>0.1</physid>
           <businfo>pci@0000:04:00.1</businfo>
           <logicalname>eth1</logicalname>
           <version>20</version>
           <serial>08:86:21:00:d6:5e</serial>
           <capacity>1000000000</capacity>
           <width units="bits">64</width>
           <clock units="Hz">33000000</clock>
           <configuration>
            <setting id="autonegotiation" value="on" />
            <setting id="broadcast" value="yes" />
            <setting id="driver" value="bnx2" />
            <setting id="driverversion" value="2.2.4" />
            <setting id="duplex" value="half" />
            <setting id="firmware" value="bc 5.0.6 IPMI 1.0.0" />
            <setting id="latency" value="0" />
            <setting id="link" value="no" />
            <setting id="multicast" value="yes" />
            <setting id="port" value="fibre" />
           </configuration>
           <capabilities>
            <capability id="pm" >Power Management</capability>
            <capability id="vpd" >Vital Product Data</capability>
            <capability id="msi" >Message Signalled Interrupts</capability>
            <capability id="msix" >MSI-X</capability>
            <capability id="pciexpress" >PCI Express</capability>
            <capability id="bus_master" >bus mastering</capability>
            <capability id="cap_list" >PCI capabilities listing</capability>
            <capability id="ethernet" />
            <capability id="physical" >Physical interface</capability>
            <capability id="fibre" >optical fibre</capability>
            <capability id="1000bt-fd" >1Gbit/s (full duplex)</capability>
            <capability id="autonegotiation" >Auto-negotiation</capability>
           </capabilities>
           <resources>
            <resource type="irq" value="19" />
            <resource type="memory" value="e0000000-e1ffffff" />
           </resources>
          </node>
        </node>
      </node>
    </node>
    <node id="pci:1" claimed="true" class="bridge" handle="PCIBUS:0000:07">
     <description>PCI bridge</description>
     <product>HT2100 PCI-Express Bridge</product>
     <vendor>Broadcom</vendor>
     <physid>101</physid>
     <businfo>pci@0000:00:08.0</businfo>
     <version>a2</version>
     <width units="bits">32</width>
     <clock units="Hz">33000000</clock>
     <configuration>
      <setting id="driver" value="pcieport" />
     </configuration>
     <capabilities>
      <capability id="pci" />
      <capability id="ht" >HyperTransport</capability>
      <capability id="pciexpress" >PCI Express</capability>
      <capability id="pm" >Power Management</capability>
      <capability id="msi" >Message Signalled Interrupts</capability>
      <capability id="normal_decode" />
      <capability id="bus_master" >bus mastering</capability>
      <capability id="cap_list" >PCI capabilities listing</capability>
     </capabilities>
     <resources>
      <resource type="irq" value="20" />
      <resource type="memory" value="d9000000-d9ffffff" />
     </resources>
    </node>
    <node id="pci:2" claimed="true" class="bridge" handle="PCIBUS:0000:08">
     <description>PCI bridge</description>
     <product>HT2100 PCI-Express Bridge</product>
     <vendor>Broadcom</vendor>
     <physid>102</physid>
     <businfo>pci@0000:00:09.0</businfo>
     <version>a2</version>
     <width units="bits">32</width>
     <clock units="Hz">33000000</clock>
     <configuration>
      <setting id="driver" value="pcieport" />
     </configuration>
     <capabilities>
      <capability id="pci" />
      <capability id="ht" >HyperTransport</capability>
      <capability id="pciexpress" >PCI Express</capability>
      <capability id="pm" >Power Management</capability>
      <capability id="msi" >Message Signalled Interrupts</capability>
      <capability id="normal_decode" />
      <capability id="bus_master" >bus mastering</capability>
      <capability id="cap_list" >PCI capabilities listing</capability>
     </capabilities>
     <resources>
      <resource type="irq" value="21" />
      <resource type="memory" value="d8000000-d8ffffff" />
     </resources>
    </node>
    <node id="pci:3" claimed="true" class="bridge" handle="PCIBUS:0000:09">
     <description>PCI bridge</description>
     <product>HT2100 PCI-Express Bridge</product>
     <vendor>Broadcom</vendor>
     <physid>103</physid>
     <businfo>pci@0000:00:0a.0</businfo>
     <version>a2</version>
     <width units="bits">32</width>
     <clock units="Hz">33000000</clock>
     <configuration>
      <setting id="driver" value="pcieport" />
     </configuration>
     <capabilities>
      <capability id="pci" />
      <capability id="ht" >HyperTransport</capability>
      <capability id="pciexpress" >PCI Express</capability>
      <capability id="pm" >Power Management</capability>
      <capability id="msi" >Message Signalled Interrupts</capability>
      <capability id="normal_decode" />
      <capability id="bus_master" >bus mastering</capability>
      <capability id="cap_list" >PCI capabilities listing</capability>
     </capabilities>
     <resources>
      <resource type="irq" value="22" />
      <resource type="memory" value="d6000000-d70fffff" />
      <resource type="ioport" value="d2000000(size=33554432)" />
     </resources>
      <node id="serial" claimed="true" class="bus" handle="PCI:0000:09:00.0">
       <description>InfiniBand</description>
       <product>MT25418 [ConnectX VPI PCIe 2.0 2.5GT/s - IB DDR / 10GigE]</product>
       <vendor>Mellanox Technologies</vendor>
       <physid>0</physid>
       <businfo>pci@0000:09:00.0</businfo>
       <version>a0</version>
       <width units="bits">64</width>
       <clock units="Hz">33000000</clock>
       <configuration>
        <setting id="driver" value="mlx4_core" />
        <setting id="latency" value="0" />
       </configuration>
       <capabilities>
        <capability id="pm" >Power Management</capability>
        <capability id="vpd" >Vital Product Data</capability>
        <capability id="msix" >MSI-X</capability>
        <capability id="pciexpress" >PCI Express</capability>
        <capability id="bus_master" >bus mastering</capability>
        <capability id="cap_list" >PCI capabilities listing</capability>
       </capabilities>
       <resources>
        <resource type="irq" value="22" />
        <resource type="memory" value="d7000000-d70fffff" />
        <resource type="memory" value="d2000000-d3ffffff" />
       </resources>
      </node>
    </node>
    <node id="pci:4" claimed="true" class="bridge" handle="PCIBUS:0000:0a">
     <description>PCI bridge</description>
     <product>HT2100 PCI-Express Bridge</product>
     <vendor>Broadcom</vendor>
     <physid>104</physid>
     <businfo>pci@0000:00:0b.0</businfo>
     <version>a2</version>
     <width units="bits">32</width>
     <clock units="Hz">33000000</clock>
     <configuration>
      <setting id="driver" value="pcieport" />
     </configuration>
     <capabilities>
      <capability id="pci" />
      <capability id="ht" >HyperTransport</capability>
      <capability id="pciexpress" >PCI Express</capability>
      <capability id="pm" >Power Management</capability>
      <capability id="msi" >Message Signalled Interrupts</capability>
      <capability id="normal_decode" />
      <capability id="bus_master" >bus mastering</capability>
      <capability id="cap_list" >PCI capabilities listing</capability>
     </capabilities>
     <resources>
      <resource type="irq" value="23" />
      <resource type="memory" value="d4000000-d4ffffff" />
     </resources>
    </node>
    <node id="pci:5" claimed="true" class="bridge" handle="PCIBUS:0000:05">
     <description>PCI bridge</description>
     <product>BCM5785 [HT1000] PCI/PCI-X Bridge</product>
     <vendor>Broadcom</vendor>
     <physid>105</physid>
     <businfo>pci@0000:00:0d.0</businfo>
     <version>00</version>
     <width units="bits">32</width>
     <clock units="Hz">33000000</clock>
     <capabilities>
      <capability id="pci" />
      <capability id="pcix" >PCI-X</capability>
      <capability id="ht" >HyperTransport</capability>
      <capability id="normal_decode" />
      <capability id="bus_master" >bus mastering</capability>
      <capability id="cap_list" >PCI capabilities listing</capability>
     </capabilities>
     <resources>
      <resource type="memory" value="db000000-dcffffff" />
     </resources>
      <node id="pci" claimed="true" class="bridge" handle="PCIBUS:0000:06">
       <description>PCI bridge</description>
       <product>BCM5785 [HT1000] PCI/PCI-X Bridge</product>
       <vendor>Broadcom</vendor>
       <physid>d</physid>
       <businfo>pci@0000:05:0d.0</businfo>
       <version>c0</version>
       <width units="bits">32</width>
       <clock units="Hz">66000000</clock>
       <capabilities>
        <capability id="pci" />
        <capability id="pcix" >PCI-X</capability>
        <capability id="normal_decode" />
        <capability id="bus_master" >bus mastering</capability>
        <capability id="cap_list" >PCI capabilities listing</capability>
       </capabilities>
       <resources>
        <resource type="memory" value="dc000000-dcffffff" />
       </resources>
      </node>
    </node>
    <node id="pci:6" claimed="true" class="bridge" handle="PCIBUS:0000:00">
     <description>Host bridge</description>
     <product>BCM5785 [HT1000] Legacy South Bridge</product>
     <vendor>Broadcom</vendor>
     <physid>106</physid>
     <businfo>pci@0000:00:0e.0</businfo>
     <version>00</version>
     <width units="bits">32</width>
     <clock units="Hz">33000000</clock>
     <configuration>
      <setting id="driver" value="piix4_smbus" />
      <setting id="latency" value="64" />
     </configuration>
     <resources>
      <resource type="irq" value="0" />
     </resources>
      <node id="isa" claimed="true" class="bridge" handle="PCI:0000:00:0e.2">
       <description>ISA bridge</description>
       <product>BCM5785 [HT1000] LPC</product>
       <vendor>Broadcom</vendor>
       <physid>e.2</physid>
       <businfo>pci@0000:00:0e.2</businfo>
       <version>00</version>
       <width units="bits">32</width>
       <clock units="Hz">33000000</clock>
       <configuration>
        <setting id="latency" value="0" />
       </configuration>
       <capabilities>
        <capability id="isa" />
        <capability id="bus_master" >bus mastering</capability>
       </capabilities>
      </node>
      <node id="usb:0" claimed="true" class="bus" handle="PCI:0000:00:0f.0">
       <description>USB controller</description>
       <product>BCM5785 [HT1000] USB</product>
       <vendor>Broadcom</vendor>
       <physid>f</physid>
       <businfo>pci@0000:00:0f.0</businfo>
       <version>01</version>
       <width units="bits">32</width>
       <clock units="Hz">66000000</clock>
       <configuration>
        <setting id="driver" value="ohci-pci" />
        <setting id="latency" value="64" />
       </configuration>
       <capabilities>
        <capability id="pm" >Power Management</capability>
        <capability id="ohci" >Open Host Controller Interface</capability>
        <capability id="bus_master" >bus mastering</capability>
        <capability id="cap_list" >PCI capabilities listing</capability>
       </capabilities>
       <resources>
        <resource type="irq" value="3" />
        <resource type="memory" value="f3fef000-f3feffff" />
        <resource type="ioport" value="3100(size=256)" />
       </resources>
      </node>
      <node id="usb:1" claimed="true" class="bus" handle="PCI:0000:00:0f.1">
       <description>USB controller</description>
       <product>BCM5785 [HT1000] USB</product>
       <vendor>Broadcom</vendor>
       <physid>f.1</physid>
       <businfo>pci@0000:00:0f.1</businfo>
       <version>01</version>
       <width units="bits">32</width>
       <clock units="Hz">66000000</clock>
       <configuration>
        <setting id="driver" value="ohci-pci" />
        <setting id="latency" value="64" />
       </configuration>
       <capabilities>
        <capability id="pm" >Power Management</capability>
        <capability id="ohci" >Open Host Controller Interface</capability>
        <capability id="bus_master" >bus mastering</capability>
        <capability id="cap_list" >PCI capabilities listing</capability>
       </capabilities>
       <resources>
        <resource type="irq" value="3" />
        <resource type="memory" value="f3fee000-f3feefff" />
        <resource type="ioport" value="3200(size=256)" />
       </resources>
      </node>
      <node id="usb:2" claimed="true" class="bus" handle="PCI:0000:00:0f.2">
       <description>USB controller</description>
       <product>BCM5785 [HT1000] USB</product>
       <vendor>Broadcom</vendor>
       <physid>f.2</physid>
       <businfo>pci@0000:00:0f.2</businfo>
       <version>01</version>
       <width units="bits">32</width>
       <clock units="Hz">66000000</clock>
       <configuration>
        <setting id="driver" value="ehci-pci" />
        <setting id="latency" value="64" />
       </configuration>
       <capabilities>
        <capability id="pm" >Power Management</capability>
        <capability id="ehci" >Enhanced Host Controller Interface (USB2)</capability>
        <capability id="bus_master" >bus mastering</capability>
        <capability id="cap_list" >PCI capabilities listing</capability>
       </capabilities>
       <resources>
        <resource type="irq" value="3" />
        <resource type="memory" value="f3fed000-f3fedfff" />
        <resource type="ioport" value="3300(size=256)" />
       </resources>
      </node>
    </node>
    <node id="pci:7" claimed="true" class="bridge" handle="PCIBUS:0000:00">
     <description>Host bridge</description>
     <product>Family 10h Processor HyperTransport Configuration</product>
     <vendor>Advanced Micro Devices, Inc. [AMD]</vendor>
     <physid>107</physid>
     <businfo>pci@0000:00:18.0</businfo>
     <version>00</version>
     <width units="bits">32</width>
     <clock units="Hz">33000000</clock>
    </node>
    <node id="pci:8" claimed="true" class="bridge" handle="PCIBUS:0000:00">
     <description>Host bridge</description>
     <product>Family 10h Processor Address Map</product>
     <vendor>Advanced Micro Devices, Inc. [AMD]</vendor>
     <physid>108</physid>
     <businfo>pci@0000:00:18.1</businfo>
     <version>00</version>
     <width units="bits">32</width>
     <clock units="Hz">33000000</clock>
    </node>
    <node id="pci:9" claimed="true" class="bridge" handle="PCIBUS:0000:00">
     <description>Host bridge</description>
     <product>Family 10h Processor DRAM Controller</product>
     <vendor>Advanced Micro Devices, Inc. [AMD]</vendor>
     <physid>109</physid>
     <businfo>pci@0000:00:18.2</businfo>
     <version>00</version>
     <width units="bits">32</width>
     <clock units="Hz">33000000</clock>
     <configuration>
      <setting id="driver" value="amd64_edac" />
     </configuration>
     <resources>
      <resource type="irq" value="0" />
     </resources>
    </node>
    <node id="pci:10" claimed="true" class="bridge" handle="PCIBUS:0000:00">
     <description>Host bridge</description>
     <product>Family 10h Processor Miscellaneous Control</product>
     <vendor>Advanced Micro Devices, Inc. [AMD]</vendor>
     <physid>10a</physid>
     <businfo>pci@0000:00:18.3</businfo>
     <version>00</version>
     <width units="bits">32</width>
     <clock units="Hz">33000000</clock>
    </node>
    <node id="pci:11" claimed="true" class="bridge" handle="PCIBUS:0000:00">
     <description>Host bridge</description>
     <product>Family 10h Processor Link Control</product>
     <vendor>Advanced Micro Devices, Inc. [AMD]</vendor>
     <physid>10b</physid>
     <businfo>pci@0000:00:18.4</businfo>
     <version>00</version>
     <width units="bits">32</width>
     <clock units="Hz">33000000</clock>
    </node>
    <node id="pci:12" claimed="true" class="bridge" handle="PCIBUS:0000:00">
     <description>Host bridge</description>
     <product>Family 10h Processor HyperTransport Configuration</product>
     <vendor>Advanced Micro Devices, Inc. [AMD]</vendor>
     <physid>10c</physid>
     <businfo>pci@0000:00:19.0</businfo>
     <version>00</version>
     <width units="bits">32</width>
     <clock units="Hz">33000000</clock>
    </node>
    <node id="pci:13" claimed="true" class="bridge" handle="PCIBUS:0000:00">
     <description>Host bridge</description>
     <product>Family 10h Processor Address Map</product>
     <vendor>Advanced Micro Devices, Inc. [AMD]</vendor>
     <physid>10d</physid>
     <businfo>pci@0000:00:19.1</businfo>
     <version>00</version>
     <width units="bits">32</width>
     <clock units="Hz">33000000</clock>
    </node>
    <node id="pci:14" claimed="true" class="bridge" handle="PCIBUS:0000:00">
     <description>Host bridge</description>
     <product>Family 10h Processor DRAM Controller</product>
     <vendor>Advanced Micro Devices, Inc. [AMD]</vendor>
     <physid>10e</physid>
     <businfo>pci@0000:00:19.2</businfo>
     <version>00</version>
     <width units="bits">32</width>
     <clock units="Hz">33000000</clock>
     <configuration>
      <setting id="driver" value="amd64_edac" />
     </configuration>
     <resources>
      <resource type="irq" value="0" />
     </resources>
    </node>
    <node id="pci:15" claimed="true" class="bridge" handle="PCIBUS:0000:00">
     <description>Host bridge</description>
     <product>Family 10h Processor Miscellaneous Control</product>
     <vendor>Advanced Micro Devices, Inc. [AMD]</vendor>
     <physid>10f</physid>
     <businfo>pci@0000:00:19.3</businfo>
     <version>00</version>
     <width units="bits">32</width>
     <clock units="Hz">33000000</clock>
    </node>
    <node id="pci:16" claimed="true" class="bridge" handle="PCIBUS:0000:00">
     <description>Host bridge</description>
     <product>Family 10h Processor Link Control</product>
     <vendor>Advanced Micro Devices, Inc. [AMD]</vendor>
     <physid>110</physid>
     <businfo>pci@0000:00:19.4</businfo>
     <version>00</version>
     <width units="bits">32</width>
     <clock units="Hz">33000000</clock>
    </node>
    <node id="pci:17" claimed="true" class="bridge" handle="PCIBUS:0000:00">
     <description>Host bridge</description>
     <product>Family 10h Processor HyperTransport Configuration</product>
     <vendor>Advanced Micro Devices, Inc. [AMD]</vendor>
     <physid>111</physid>
     <businfo>pci@0000:00:1a.0</businfo>
     <version>00</version>
     <width units="bits">32</width>
     <clock units="Hz">33000000</clock>
    </node>
    <node id="pci:18" claimed="true" class="bridge" handle="PCIBUS:0000:00">
     <description>Host bridge</description>
     <product>Family 10h Processor Address Map</product>
     <vendor>Advanced Micro Devices, Inc. [AMD]</vendor>
     <physid>112</physid>
     <businfo>pci@0000:00:1a.1</businfo>
     <version>00</version>
     <width units="bits">32</width>
     <clock units="Hz">33000000</clock>
    </node>
    <node id="pci:19" claimed="true" class="bridge" handle="PCIBUS:0000:00">
     <description>Host bridge</description>
     <product>Family 10h Processor DRAM Controller</product>
     <vendor>Advanced Micro Devices, Inc. [AMD]</vendor>
     <physid>113</physid>
     <businfo>pci@0000:00:1a.2</businfo>
     <version>00</version>
     <width units="bits">32</width>
     <clock units="Hz">33000000</clock>
     <configuration>
      <setting id="driver" value="amd64_edac" />
     </configuration>
     <resources>
      <resource type="irq" value="0" />
     </resources>
    </node>
    <node id="pci:20" claimed="true" class="bridge" handle="PCIBUS:0000:00">
     <description>Host bridge</description>
     <product>Family 10h Processor Miscellaneous Control</product>
     <vendor>Advanced Micro Devices, Inc. [AMD]</vendor>
     <physid>114</physid>
     <businfo>pci@0000:00:1a.3</businfo>
     <version>00</version>
     <width units="bits">32</width>
     <clock units="Hz">33000000</clock>
    </node>
    <node id="pci:21" claimed="true" class="bridge" handle="PCIBUS:0000:00">
     <description>Host bridge</description>
     <product>Family 10h Processor Link Control</product>
     <vendor>Advanced Micro Devices, Inc. [AMD]</vendor>
     <physid>115</physid>
     <businfo>pci@0000:00:1a.4</businfo>
     <version>00</version>
     <width units="bits">32</width>
     <clock units="Hz">33000000</clock>
    </node>
    <node id="pci:22" claimed="true" class="bridge" handle="PCIBUS:0000:00">
     <description>Host bridge</description>
     <product>Family 10h Processor HyperTransport Configuration</product>
     <vendor>Advanced Micro Devices, Inc. [AMD]</vendor>
     <physid>116</physid>
     <businfo>pci@0000:00:1b.0</businfo>
     <version>00</version>
     <width units="bits">32</width>
     <clock units="Hz">33000000</clock>
    </node>
    <node id="pci:23" claimed="true" class="bridge" handle="PCIBUS:0000:00">
     <description>Host bridge</description>
     <product>Family 10h Processor Address Map</product>
     <vendor>Advanced Micro Devices, Inc. [AMD]</vendor>
     <physid>117</physid>
     <businfo>pci@0000:00:1b.1</businfo>
     <version>00</version>
     <width units="bits">32</width>
     <clock units="Hz">33000000</clock>
    </node>
    <node id="pci:24" claimed="true" class="bridge" handle="PCIBUS:0000:00">
     <description>Host bridge</description>
     <product>Family 10h Processor DRAM Controller</product>
     <vendor>Advanced Micro Devices, Inc. [AMD]</vendor>
     <physid>118</physid>
     <businfo>pci@0000:00:1b.2</businfo>
     <version>00</version>
     <width units="bits">32</width>
     <clock units="Hz">33000000</clock>
     <configuration>
      <setting id="driver" value="amd64_edac" />
     </configuration>
     <resources>
      <resource type="irq" value="0" />
     </resources>
    </node>
    <node id="pci:25" claimed="true" class="bridge" handle="PCIBUS:0000:00">
     <description>Host bridge</description>
     <product>Family 10h Processor Miscellaneous Control</product>
     <vendor>Advanced Micro Devices, Inc. [AMD]</vendor>
     <physid>119</physid>
     <businfo>pci@0000:00:1b.3</businfo>
     <version>00</version>
     <width units="bits">32</width>
     <clock units="Hz">33000000</clock>
    </node>
    <node id="pci:26" claimed="true" class="bridge" handle="PCIBUS:0000:00">
     <description>Host bridge</description>
     <product>Family 10h Processor Link Control</product>
     <vendor>Advanced Micro Devices, Inc. [AMD]</vendor>
     <physid>11a</physid>
     <businfo>pci@0000:00:1b.4</businfo>
     <version>00</version>
     <width units="bits">32</width>
     <clock units="Hz">33000000</clock>
    </node>
    <node id="pci:27" claimed="true" class="bridge" handle="PCIBUS:0000:10">
     <description>PCI bridge</description>
     <product>BCM5780 [HT2000] PCI-X bridge</product>
     <vendor>Broadcom</vendor>
     <physid>11b</physid>
     <businfo>pci@0000:0b:06.0</businfo>
     <version>b0</version>
     <width units="bits">32</width>
     <clock units="Hz">33000000</clock>
     <capabilities>
      <capability id="pci" />
      <capability id="pcix" >PCI-X</capability>
      <capability id="ht" >HyperTransport</capability>
      <capability id="normal_decode" />
      <capability id="bus_master" >bus mastering</capability>
      <capability id="cap_list" >PCI capabilities listing</capability>
     </capabilities>
     <resources>
      <resource type="memory" value="c8000000-c8ffffff" />
     </resources>
    </node>
    <node id="pci:28" claimed="true" class="bridge" handle="PCIBUS:0000:11">
     <description>PCI bridge</description>
     <product>BCM5780 [HT2000] PCI-X bridge</product>
     <vendor>Broadcom</vendor>
     <physid>7</physid>
     <businfo>pci@0000:0b:07.0</businfo>
     <version>b0</version>
     <width units="bits">32</width>
     <clock units="Hz">33000000</clock>
     <capabilities>
      <capability id="pci" />
      <capability id="pcix" >PCI-X</capability>
      <capability id="ht" >HyperTransport</capability>
      <capability id="normal_decode" />
      <capability id="bus_master" >bus mastering</capability>
      <capability id="cap_list" >PCI capabilities listing</capability>
     </capabilities>
     <resources>
      <resource type="memory" value="c7000000-c7ffffff" />
     </resources>
    </node>
    <node id="pci:29" claimed="true" class="bridge" handle="PCIBUS:0000:0c">
     <description>PCI bridge</description>
     <product>BCM5780 [HT2000] PCI-Express Bridge</product>
     <vendor>Broadcom</vendor>
     <physid>8</physid>
     <businfo>pci@0000:0b:08.0</businfo>
     <version>b0</version>
     <width units="bits">32</width>
     <clock units="Hz">33000000</clock>
     <configuration>
      <setting id="driver" value="pcieport" />
     </configuration>
     <capabilities>
      <capability id="pci" />
      <capability id="ht" >HyperTransport</capability>
      <capability id="pciexpress" >PCI Express</capability>
      <capability id="normal_decode" />
      <capability id="bus_master" >bus mastering</capability>
      <capability id="cap_list" >PCI capabilities listing</capability>
     </capabilities>
     <resources>
      <resource type="irq" value="0" />
      <resource type="memory" value="d1000000-d1ffffff" />
     </resources>
    </node>
    <node id="pci:30" claimed="true" class="bridge" handle="PCIBUS:0000:0d">
     <description>PCI bridge</description>
     <product>BCM5780 [HT2000] PCI-Express Bridge</product>
     <vendor>Broadcom</vendor>
     <physid>9</physid>
     <businfo>pci@0000:0b:09.0</businfo>
     <version>b0</version>
     <width units="bits">32</width>
     <clock units="Hz">33000000</clock>
     <configuration>
      <setting id="driver" value="pcieport" />
     </configuration>
     <capabilities>
      <capability id="pci" />
      <capability id="ht" >HyperTransport</capability>
      <capability id="pciexpress" >PCI Express</capability>
      <capability id="normal_decode" />
      <capability id="bus_master" >bus mastering</capability>
      <capability id="cap_list" >PCI capabilities listing</capability>
     </capabilities>
     <resources>
      <resource type="irq" value="0" />
      <resource type="memory" value="d0000000-d0ffffff" />
     </resources>
    </node>
    <node id="pci:31" claimed="true" class="bridge" handle="PCIBUS:0000:0e">
     <description>PCI bridge</description>
     <product>BCM5780 [HT2000] PCI-Express Bridge</product>
     <vendor>Broadcom</vendor>
     <physid>a</physid>
     <businfo>pci@0000:0b:0a.0</businfo>
     <version>b0</version>
     <width units="bits">32</width>
     <clock units="Hz">33000000</clock>
     <configuration>
      <setting id="driver" value="pcieport" />
     </configuration>
     <capabilities>
      <capability id="pci" />
      <capability id="ht" >HyperTransport</capability>
      <capability id="pciexpress" >PCI Express</capability>
      <capability id="normal_decode" />
      <capability id="bus_master" >bus mastering</capability>
      <capability id="cap_list" >PCI capabilities listing</capability>
     </capabilities>
     <resources>
      <resource type="irq" value="0" />
      <resource type="memory" value="ca000000-ceffffff" />
     </resources>
      <node id="network:0" disabled="true" claimed="true" class="network" handle="PCI:0000:0e:00.0">
       <description>Ethernet interface</description>
       <product>NetXtreme II BCM5709S Gigabit Ethernet</product>
       <vendor>Broadcom Corporation</vendor>
       <physid>0</physid>
       <businfo>pci@0000:0e:00.0</businfo>
       <logicalname>eth2</logicalname>
       <version>20</version>
       <serial>37:90:1a:00:30:64</serial>
       <capacity>1000000000</capacity>
       <width units="bits">64</width>
       <clock units="Hz">33000000</clock>
       <configuration>
        <setting id="autonegotiation" value="on" />
        <setting id="broadcast" value="yes" />
        <setting id="driver" value="bnx2" />
        <setting id="driverversion" value="2.2.4" />
        <setting id="duplex" value="half" />
        <setting id="firmware" value="bc 5.0.6" />
        <setting id="latency" value="0" />
        <setting id="link" value="no" />
        <setting id="multicast" value="yes" />
        <setting id="port" value="fibre" />
       </configuration>
       <capabilities>
        <capability id="pm" >Power Management</capability>
        <capability id="vpd" >Vital Product Data</capability>
        <capability id="msi" >Message Signalled Interrupts</capability>
        <capability id="msix" >MSI-X</capability>
        <capability id="pciexpress" >PCI Express</capability>
        <capability id="bus_master" >bus mastering</capability>
        <capability id="cap_list" >PCI capabilities listing</capability>
        <capability id="ethernet" />
        <capability id="physical" >Physical interface</capability>
        <capability id="fibre" >optical fibre</capability>
        <capability id="1000bt-fd" >1Gbit/s (full duplex)</capability>
        <capability id="autonegotiation" >Auto-negotiation</capability>
       </capabilities>
       <resources>
        <resource type="irq" value="26" />
        <resource type="memory" value="ca000000-cbffffff" />
       </resources>
      </node>
      <node id="network:1" disabled="true" claimed="true" class="network" handle="PCI:0000:0e:00.1">
       <description>Ethernet interface</description>
       <product>NetXtreme II BCM5709S Gigabit Ethernet</product>
       <vendor>Broadcom Corporation</vendor>
       <physid>0.1</physid>
       <businfo>pci@0000:0e:00.1</businfo>
       <logicalname>eth3</logicalname>
       <version>20</version>
       <serial>37:90:1a:00:32:64</serial>
       <capacity>1000000000</capacity>
       <width units="bits">64</width>
       <clock units="Hz">33000000</clock>
       <configuration>
        <setting id="autonegotiation" value="on" />
        <setting id="broadcast" value="yes" />
        <setting id="driver" value="bnx2" />
        <setting id="driverversion" value="2.2.4" />
        <setting id="duplex" value="half" />
        <setting id="firmware" value="bc 5.0.6" />
        <setting id="latency" value="0" />
        <setting id="link" value="no" />
        <setting id="multicast" value="yes" />
        <setting id="port" value="fibre" />
       </configuration>
       <capabilities>
        <capability id="pm" >Power Management</capability>
        <capability id="vpd" >Vital Product Data</capability>
        <capability id="msi" >Message Signalled Interrupts</capability>
        <capability id="msix" >MSI-X</capability>
        <capability id="pciexpress" >PCI Express</capability>
        <capability id="bus_master" >bus mastering</capability>
        <capability id="cap_list" >PCI capabilities listing</capability>
        <capability id="ethernet" />
        <capability id="physical" >Physical interface</capability>
        <capability id="fibre" >optical fibre</capability>
        <capability id="1000bt-fd" >1Gbit/s (full duplex)</capability>
        <capability id="autonegotiation" >Auto-negotiation</capability>
       </capabilities>
       <resources>
        <resource type="irq" value="26" />
        <resource type="memory" value="cc000000-cdffffff" />
       </resources>
      </node>
    </node>
    <node id="pci:32" claimed="true" class="bridge" handle="PCIBUS:0000:0f">
     <description>PCI bridge</description>
     <product>BCM5780 [HT2000] PCI-Express Bridge</product>
     <vendor>Broadcom</vendor>
     <physid>b</physid>
     <businfo>pci@0000:0b:0b.0</businfo>
     <version>b0</version>
     <width units="bits">32</width>
     <clock units="Hz">33000000</clock>
     <configuration>
      <setting id="driver" value="pcieport" />
     </configuration>
     <capabilities>
      <capability id="pci" />
      <capability id="ht" >HyperTransport</capability>
      <capability id="pciexpress" >PCI Express</capability>
      <capability id="normal_decode" />
      <capability id="bus_master" >bus mastering</capability>
      <capability id="cap_list" >PCI capabilities listing</capability>
     </capabilities>
     <resources>
      <resource type="irq" value="0" />
      <resource type="memory" value="c9000000-c9ffffff" />
     </resources>
    </node>
  </node>
  <node id="network" disabled="true" claimed="true" class="network" handle="">
   <description>Ethernet interface</description>
   <physid>1</physid>
   <logicalname>bond0</logicalname>
   <serial>cf:74:d3:c6:e8:9e</serial>
   <configuration>
    <setting id="autonegotiation" value="off" />
    <setting id="broadcast" value="yes" />
    <setting id="driver" value="bonding" />
    <setting id="driverversion" value="3.7.1" />
    <setting id="firmware" value="2" />
    <setting id="link" value="no" />
    <setting id="master" value="yes" />
    <setting id="multicast" value="yes" />
   </configuration>
   <capabilities>
    <capability id="ethernet" />
    <capability id="physical" >Physical interface</capability>
   </capabilities>
  </node>
</node>
</list>
